[2025-03-03T04:25:37.205Z] [31MERROR[39M: uncaughtException: Cannot find module './routes/auth.routes.js'
Require stack:
- /app/app.js
- /app/server.js
Error: Cannot find module './routes/auth.routes.js'
Require stack:
- /app/app.js
- /app/server.js
    at Module._resolveFilename (node:internal/modules/cjs/loader:1140:15)
    at Module._load (node:internal/modules/cjs/loader:981:27)
    at Module.require (node:internal/modules/cjs/loader:1231:19)
    at require (node:internal/modules/helpers:177:18)
    at Object.<anonymous> (/app/app.js:11:20)
    at Module._compile (node:internal/modules/cjs/loader:1364:14)
    at Module._extensions..js (node:internal/modules/cjs/loader:1422:10)
    at Module.load (node:internal/modules/cjs/loader:1203:32)
    at Module._load (node:internal/modules/cjs/loader:1019:12)
    at Module.require (node:internal/modules/cjs/loader:1231:19)
[2025-03-03T04:25:44.172Z] [31MERROR[39M: uncaughtException: Cannot find module './routes/auth.routes.js'
Require stack:
- /app/app.js
- /app/server.js
Error: Cannot find module './routes/auth.routes.js'
Require stack:
- /app/app.js
- /app/server.js
    at Module._resolveFilename (node:internal/modules/cjs/loader:1140:15)
    at Module._load (node:internal/modules/cjs/loader:981:27)
    at Module.require (node:internal/modules/cjs/loader:1231:19)
    at require (node:internal/modules/helpers:177:18)
    at Object.<anonymous> (/app/app.js:11:20)
    at Module._compile (node:internal/modules/cjs/loader:1364:14)
    at Module._extensions..js (node:internal/modules/cjs/loader:1422:10)
    at Module.load (node:internal/modules/cjs/loader:1203:32)
    at Module._load (node:internal/modules/cjs/loader:1019:12)
    at Module.require (node:internal/modules/cjs/loader:1231:19)
[2025-03-03T04:25:48.420Z] [31MERROR[39M: uncaughtException: Cannot find module './routes/auth.routes.js'
Require stack:
- /app/app.js
- /app/server.js
Error: Cannot find module './routes/auth.routes.js'
Require stack:
- /app/app.js
- /app/server.js
    at Module._resolveFilename (node:internal/modules/cjs/loader:1140:15)
    at Module._load (node:internal/modules/cjs/loader:981:27)
    at Module.require (node:internal/modules/cjs/loader:1231:19)
    at require (node:internal/modules/helpers:177:18)
    at Object.<anonymous> (/app/app.js:11:20)
    at Module._compile (node:internal/modules/cjs/loader:1364:14)
    at Module._extensions..js (node:internal/modules/cjs/loader:1422:10)
    at Module.load (node:internal/modules/cjs/loader:1203:32)
    at Module._load (node:internal/modules/cjs/loader:1019:12)
    at Module.require (node:internal/modules/cjs/loader:1231:19)
[2025-03-03T04:26:19.524Z] [31MERROR[39M: uncaughtException: Cannot find module './routes/auth.routes.js'
Require stack:
- /app/app.js
- /app/server.js
Error: Cannot find module './routes/auth.routes.js'
Require stack:
- /app/app.js
- /app/server.js
    at Module._resolveFilename (node:internal/modules/cjs/loader:1140:15)
    at Module._load (node:internal/modules/cjs/loader:981:27)
    at Module.require (node:internal/modules/cjs/loader:1231:19)
    at require (node:internal/modules/helpers:177:18)
    at Object.<anonymous> (/app/app.js:11:20)
    at Module._compile (node:internal/modules/cjs/loader:1364:14)
    at Module._extensions..js (node:internal/modules/cjs/loader:1422:10)
    at Module.load (node:internal/modules/cjs/loader:1203:32)
    at Module._load (node:internal/modules/cjs/loader:1019:12)
    at Module.require (node:internal/modules/cjs/loader:1231:19)
[2025-03-03T04:26:37.043Z] [31MERROR[39M: uncaughtException: Cannot find module './routes/auth.routes.js'
Require stack:
- /app/app.js
- /app/server.js
Error: Cannot find module './routes/auth.routes.js'
Require stack:
- /app/app.js
- /app/server.js
    at Module._resolveFilename (node:internal/modules/cjs/loader:1140:15)
    at Module._load (node:internal/modules/cjs/loader:981:27)
    at Module.require (node:internal/modules/cjs/loader:1231:19)
    at require (node:internal/modules/helpers:177:18)
    at Object.<anonymous> (/app/app.js:11:20)
    at Module._compile (node:internal/modules/cjs/loader:1364:14)
    at Module._extensions..js (node:internal/modules/cjs/loader:1422:10)
    at Module.load (node:internal/modules/cjs/loader:1203:32)
    at Module._load (node:internal/modules/cjs/loader:1019:12)
    at Module.require (node:internal/modules/cjs/loader:1231:19)
[2025-03-03T04:27:14.901Z] [31MERROR[39M: uncaughtException: Cannot find module './routes/auth.routes.js'
Require stack:
- /app/app.js
- /app/server.js
Error: Cannot find module './routes/auth.routes.js'
Require stack:
- /app/app.js
- /app/server.js
    at Module._resolveFilename (node:internal/modules/cjs/loader:1140:15)
    at Module._load (node:internal/modules/cjs/loader:981:27)
    at Module.require (node:internal/modules/cjs/loader:1231:19)
    at require (node:internal/modules/helpers:177:18)
    at Object.<anonymous> (/app/app.js:11:20)
    at Module._compile (node:internal/modules/cjs/loader:1364:14)
    at Module._extensions..js (node:internal/modules/cjs/loader:1422:10)
    at Module.load (node:internal/modules/cjs/loader:1203:32)
    at Module._load (node:internal/modules/cjs/loader:1019:12)
    at Module.require (node:internal/modules/cjs/loader:1231:19)
[2025-03-03T04:27:27.288Z] [31MERROR[39M: uncaughtException: Cannot find module './routes/auth.routes.js'
Require stack:
- /app/app.js
- /app/server.js
Error: Cannot find module './routes/auth.routes.js'
Require stack:
- /app/app.js
- /app/server.js
    at Module._resolveFilename (node:internal/modules/cjs/loader:1140:15)
    at Module._load (node:internal/modules/cjs/loader:981:27)
    at Module.require (node:internal/modules/cjs/loader:1231:19)
    at require (node:internal/modules/helpers:177:18)
    at Object.<anonymous> (/app/app.js:11:20)
    at Module._compile (node:internal/modules/cjs/loader:1364:14)
    at Module._extensions..js (node:internal/modules/cjs/loader:1422:10)
    at Module.load (node:internal/modules/cjs/loader:1203:32)
    at Module._load (node:internal/modules/cjs/loader:1019:12)
    at Module.require (node:internal/modules/cjs/loader:1231:19)
[2025-03-03T04:27:39.989Z] [31MERROR[39M: uncaughtException: Cannot find module './routes/auth.routes.js'
Require stack:
- /app/app.js
- /app/server.js
Error: Cannot find module './routes/auth.routes.js'
Require stack:
- /app/app.js
- /app/server.js
    at Module._resolveFilename (node:internal/modules/cjs/loader:1140:15)
    at Module._load (node:internal/modules/cjs/loader:981:27)
    at Module.require (node:internal/modules/cjs/loader:1231:19)
    at require (node:internal/modules/helpers:177:18)
    at Object.<anonymous> (/app/app.js:11:20)
    at Module._compile (node:internal/modules/cjs/loader:1364:14)
    at Module._extensions..js (node:internal/modules/cjs/loader:1422:10)
    at Module.load (node:internal/modules/cjs/loader:1203:32)
    at Module._load (node:internal/modules/cjs/loader:1019:12)
    at Module.require (node:internal/modules/cjs/loader:1231:19)
[2025-03-03T04:28:13.221Z] [31MERROR[39M: uncaughtException: Cannot find module './routes/auth.routes.js'
Require stack:
- /app/app.js
- /app/server.js
Error: Cannot find module './routes/auth.routes.js'
Require stack:
- /app/app.js
- /app/server.js
    at Module._resolveFilename (node:internal/modules/cjs/loader:1140:15)
    at Module._load (node:internal/modules/cjs/loader:981:27)
    at Module.require (node:internal/modules/cjs/loader:1231:19)
    at require (node:internal/modules/helpers:177:18)
    at Object.<anonymous> (/app/app.js:11:20)
    at Module._compile (node:internal/modules/cjs/loader:1364:14)
    at Module._extensions..js (node:internal/modules/cjs/loader:1422:10)
    at Module.load (node:internal/modules/cjs/loader:1203:32)
    at Module._load (node:internal/modules/cjs/loader:1019:12)
    at Module.require (node:internal/modules/cjs/loader:1231:19)
[2025-03-03T04:28:15.185Z] [31MERROR[39M: uncaughtException: Cannot find module './routes/auth.routes.js'
Require stack:
- /app/app.js
- /app/server.js
Error: Cannot find module './routes/auth.routes.js'
Require stack:
- /app/app.js
- /app/server.js
    at Module._resolveFilename (node:internal/modules/cjs/loader:1140:15)
    at Module._load (node:internal/modules/cjs/loader:981:27)
    at Module.require (node:internal/modules/cjs/loader:1231:19)
    at require (node:internal/modules/helpers:177:18)
    at Object.<anonymous> (/app/app.js:11:20)
    at Module._compile (node:internal/modules/cjs/loader:1364:14)
    at Module._extensions..js (node:internal/modules/cjs/loader:1422:10)
    at Module.load (node:internal/modules/cjs/loader:1203:32)
    at Module._load (node:internal/modules/cjs/loader:1019:12)
    at Module.require (node:internal/modules/cjs/loader:1231:19)
[2025-03-03T04:28:58.491Z] [31MERROR[39M: uncaughtException: Cannot find module './routes/auth.routes.js'
Require stack:
- /app/app.js
- /app/server.js
Error: Cannot find module './routes/auth.routes.js'
Require stack:
- /app/app.js
- /app/server.js
    at Module._resolveFilename (node:internal/modules/cjs/loader:1140:15)
    at Module._load (node:internal/modules/cjs/loader:981:27)
    at Module.require (node:internal/modules/cjs/loader:1231:19)
    at require (node:internal/modules/helpers:177:18)
    at Object.<anonymous> (/app/app.js:11:20)
    at Module._compile (node:internal/modules/cjs/loader:1364:14)
    at Module._extensions..js (node:internal/modules/cjs/loader:1422:10)
    at Module.load (node:internal/modules/cjs/loader:1203:32)
    at Module._load (node:internal/modules/cjs/loader:1019:12)
    at Module.require (node:internal/modules/cjs/loader:1231:19)
[2025-03-03T04:29:01.106Z] [31MERROR[39M: uncaughtException: Cannot find module './routes/auth.routes.js'
Require stack:
- /app/app.js
- /app/server.js
Error: Cannot find module './routes/auth.routes.js'
Require stack:
- /app/app.js
- /app/server.js
    at Module._resolveFilename (node:internal/modules/cjs/loader:1140:15)
    at Module._load (node:internal/modules/cjs/loader:981:27)
    at Module.require (node:internal/modules/cjs/loader:1231:19)
    at require (node:internal/modules/helpers:177:18)
    at Object.<anonymous> (/app/app.js:11:20)
    at Module._compile (node:internal/modules/cjs/loader:1364:14)
    at Module._extensions..js (node:internal/modules/cjs/loader:1422:10)
    at Module.load (node:internal/modules/cjs/loader:1203:32)
    at Module._load (node:internal/modules/cjs/loader:1019:12)
    at Module.require (node:internal/modules/cjs/loader:1231:19)
[2025-03-03T04:29:27.141Z] [31MERROR[39M: uncaughtException: Cannot find module './routes/auth.routes.js'
Require stack:
- /app/app.js
- /app/server.js
Error: Cannot find module './routes/auth.routes.js'
Require stack:
- /app/app.js
- /app/server.js
    at Module._resolveFilename (node:internal/modules/cjs/loader:1140:15)
    at Module._load (node:internal/modules/cjs/loader:981:27)
    at Module.require (node:internal/modules/cjs/loader:1231:19)
    at require (node:internal/modules/helpers:177:18)
    at Object.<anonymous> (/app/app.js:11:20)
    at Module._compile (node:internal/modules/cjs/loader:1364:14)
    at Module._extensions..js (node:internal/modules/cjs/loader:1422:10)
    at Module.load (node:internal/modules/cjs/loader:1203:32)
    at Module._load (node:internal/modules/cjs/loader:1019:12)
    at Module.require (node:internal/modules/cjs/loader:1231:19)
[2025-03-03T04:29:56.687Z] [31MERROR[39M: uncaughtException: Cannot find module './routes/auth.routes.js'
Require stack:
- /app/app.js
- /app/server.js
Error: Cannot find module './routes/auth.routes.js'
Require stack:
- /app/app.js
- /app/server.js
    at Module._resolveFilename (node:internal/modules/cjs/loader:1140:15)
    at Module._load (node:internal/modules/cjs/loader:981:27)
    at Module.require (node:internal/modules/cjs/loader:1231:19)
    at require (node:internal/modules/helpers:177:18)
    at Object.<anonymous> (/app/app.js:11:20)
    at Module._compile (node:internal/modules/cjs/loader:1364:14)
    at Module._extensions..js (node:internal/modules/cjs/loader:1422:10)
    at Module.load (node:internal/modules/cjs/loader:1203:32)
    at Module._load (node:internal/modules/cjs/loader:1019:12)
    at Module.require (node:internal/modules/cjs/loader:1231:19)
[2025-03-03T04:29:57.304Z] [31MERROR[39M: uncaughtException: Cannot find module './routes/auth.routes.js'
Require stack:
- /app/app.js
- /app/server.js
Error: Cannot find module './routes/auth.routes.js'
Require stack:
- /app/app.js
- /app/server.js
    at Module._resolveFilename (node:internal/modules/cjs/loader:1140:15)
    at Module._load (node:internal/modules/cjs/loader:981:27)
    at Module.require (node:internal/modules/cjs/loader:1231:19)
    at require (node:internal/modules/helpers:177:18)
    at Object.<anonymous> (/app/app.js:11:20)
    at Module._compile (node:internal/modules/cjs/loader:1364:14)
    at Module._extensions..js (node:internal/modules/cjs/loader:1422:10)
    at Module.load (node:internal/modules/cjs/loader:1203:32)
    at Module._load (node:internal/modules/cjs/loader:1019:12)
    at Module.require (node:internal/modules/cjs/loader:1231:19)
[2025-03-03T04:30:02.360Z] [31MERROR[39M: uncaughtException: Cannot find module './routes/auth.routes.js'
Require stack:
- /app/app.js
- /app/server.js
Error: Cannot find module './routes/auth.routes.js'
Require stack:
- /app/app.js
- /app/server.js
    at Module._resolveFilename (node:internal/modules/cjs/loader:1140:15)
    at Module._load (node:internal/modules/cjs/loader:981:27)
    at Module.require (node:internal/modules/cjs/loader:1231:19)
    at require (node:internal/modules/helpers:177:18)
    at Object.<anonymous> (/app/app.js:11:20)
    at Module._compile (node:internal/modules/cjs/loader:1364:14)
    at Module._extensions..js (node:internal/modules/cjs/loader:1422:10)
    at Module.load (node:internal/modules/cjs/loader:1203:32)
    at Module._load (node:internal/modules/cjs/loader:1019:12)
    at Module.require (node:internal/modules/cjs/loader:1231:19)
[2025-03-03T04:30:02.729Z] [31MERROR[39M: uncaughtException: Cannot find module './routes/auth.routes.js'
Require stack:
- /app/app.js
- /app/server.js
Error: Cannot find module './routes/auth.routes.js'
Require stack:
- /app/app.js
- /app/server.js
    at Module._resolveFilename (node:internal/modules/cjs/loader:1140:15)
    at Module._load (node:internal/modules/cjs/loader:981:27)
    at Module.require (node:internal/modules/cjs/loader:1231:19)
    at require (node:internal/modules/helpers:177:18)
    at Object.<anonymous> (/app/app.js:11:20)
    at Module._compile (node:internal/modules/cjs/loader:1364:14)
    at Module._extensions..js (node:internal/modules/cjs/loader:1422:10)
    at Module.load (node:internal/modules/cjs/loader:1203:32)
    at Module._load (node:internal/modules/cjs/loader:1019:12)
    at Module.require (node:internal/modules/cjs/loader:1231:19)
[2025-03-03T04:30:07.680Z] [31MERROR[39M: uncaughtException: Cannot find module './routes/auth.routes.js'
Require stack:
- /app/app.js
- /app/server.js
Error: Cannot find module './routes/auth.routes.js'
Require stack:
- /app/app.js
- /app/server.js
    at Module._resolveFilename (node:internal/modules/cjs/loader:1140:15)
    at Module._load (node:internal/modules/cjs/loader:981:27)
    at Module.require (node:internal/modules/cjs/loader:1231:19)
    at require (node:internal/modules/helpers:177:18)
    at Object.<anonymous> (/app/app.js:11:20)
    at Module._compile (node:internal/modules/cjs/loader:1364:14)
    at Module._extensions..js (node:internal/modules/cjs/loader:1422:10)
    at Module.load (node:internal/modules/cjs/loader:1203:32)
    at Module._load (node:internal/modules/cjs/loader:1019:12)
    at Module.require (node:internal/modules/cjs/loader:1231:19)
[2025-03-03T04:30:08.213Z] [31MERROR[39M: uncaughtException: Cannot find module './routes/auth.routes.js'
Require stack:
- /app/app.js
- /app/server.js
Error: Cannot find module './routes/auth.routes.js'
Require stack:
- /app/app.js
- /app/server.js
    at Module._resolveFilename (node:internal/modules/cjs/loader:1140:15)
    at Module._load (node:internal/modules/cjs/loader:981:27)
    at Module.require (node:internal/modules/cjs/loader:1231:19)
    at require (node:internal/modules/helpers:177:18)
    at Object.<anonymous> (/app/app.js:11:20)
    at Module._compile (node:internal/modules/cjs/loader:1364:14)
    at Module._extensions..js (node:internal/modules/cjs/loader:1422:10)
    at Module.load (node:internal/modules/cjs/loader:1203:32)
    at Module._load (node:internal/modules/cjs/loader:1019:12)
    at Module.require (node:internal/modules/cjs/loader:1231:19)
[2025-03-03T04:30:12.563Z] [31MERROR[39M: uncaughtException: Cannot find module './routes/auth.routes.js'
Require stack:
- /app/app.js
- /app/server.js
Error: Cannot find module './routes/auth.routes.js'
Require stack:
- /app/app.js
- /app/server.js
    at Module._resolveFilename (node:internal/modules/cjs/loader:1140:15)
    at Module._load (node:internal/modules/cjs/loader:981:27)
    at Module.require (node:internal/modules/cjs/loader:1231:19)
    at require (node:internal/modules/helpers:177:18)
    at Object.<anonymous> (/app/app.js:11:20)
    at Module._compile (node:internal/modules/cjs/loader:1364:14)
    at Module._extensions..js (node:internal/modules/cjs/loader:1422:10)
    at Module.load (node:internal/modules/cjs/loader:1203:32)
    at Module._load (node:internal/modules/cjs/loader:1019:12)
    at Module.require (node:internal/modules/cjs/loader:1231:19)
[2025-03-03T04:30:13.094Z] [31MERROR[39M: uncaughtException: Cannot find module './routes/auth.routes.js'
Require stack:
- /app/app.js
- /app/server.js
Error: Cannot find module './routes/auth.routes.js'
Require stack:
- /app/app.js
- /app/server.js
    at Module._resolveFilename (node:internal/modules/cjs/loader:1140:15)
    at Module._load (node:internal/modules/cjs/loader:981:27)
    at Module.require (node:internal/modules/cjs/loader:1231:19)
    at require (node:internal/modules/helpers:177:18)
    at Object.<anonymous> (/app/app.js:11:20)
    at Module._compile (node:internal/modules/cjs/loader:1364:14)
    at Module._extensions..js (node:internal/modules/cjs/loader:1422:10)
    at Module.load (node:internal/modules/cjs/loader:1203:32)
    at Module._load (node:internal/modules/cjs/loader:1019:12)
    at Module.require (node:internal/modules/cjs/loader:1231:19)
[2025-03-03T04:30:19.147Z] [31MERROR[39M: uncaughtException: Cannot find module './routes/auth.routes.js'
Require stack:
- /app/app.js
- /app/server.js
Error: Cannot find module './routes/auth.routes.js'
Require stack:
- /app/app.js
- /app/server.js
    at Module._resolveFilename (node:internal/modules/cjs/loader:1140:15)
    at Module._load (node:internal/modules/cjs/loader:981:27)
    at Module.require (node:internal/modules/cjs/loader:1231:19)
    at require (node:internal/modules/helpers:177:18)
    at Object.<anonymous> (/app/app.js:11:20)
    at Module._compile (node:internal/modules/cjs/loader:1364:14)
    at Module._extensions..js (node:internal/modules/cjs/loader:1422:10)
    at Module.load (node:internal/modules/cjs/loader:1203:32)
    at Module._load (node:internal/modules/cjs/loader:1019:12)
    at Module.require (node:internal/modules/cjs/loader:1231:19)
[2025-03-03T04:30:19.738Z] [31MERROR[39M: uncaughtException: Cannot find module './routes/auth.routes.js'
Require stack:
- /app/app.js
- /app/server.js
Error: Cannot find module './routes/auth.routes.js'
Require stack:
- /app/app.js
- /app/server.js
    at Module._resolveFilename (node:internal/modules/cjs/loader:1140:15)
    at Module._load (node:internal/modules/cjs/loader:981:27)
    at Module.require (node:internal/modules/cjs/loader:1231:19)
    at require (node:internal/modules/helpers:177:18)
    at Object.<anonymous> (/app/app.js:11:20)
    at Module._compile (node:internal/modules/cjs/loader:1364:14)
    at Module._extensions..js (node:internal/modules/cjs/loader:1422:10)
    at Module.load (node:internal/modules/cjs/loader:1203:32)
    at Module._load (node:internal/modules/cjs/loader:1019:12)
    at Module.require (node:internal/modules/cjs/loader:1231:19)
[2025-03-03T04:30:23.448Z] [31MERROR[39M: uncaughtException: Cannot find module './routes/auth.routes.js'
Require stack:
- /app/app.js
- /app/server.js
Error: Cannot find module './routes/auth.routes.js'
Require stack:
- /app/app.js
- /app/server.js
    at Module._resolveFilename (node:internal/modules/cjs/loader:1140:15)
    at Module._load (node:internal/modules/cjs/loader:981:27)
    at Module.require (node:internal/modules/cjs/loader:1231:19)
    at require (node:internal/modules/helpers:177:18)
    at Object.<anonymous> (/app/app.js:11:20)
    at Module._compile (node:internal/modules/cjs/loader:1364:14)
    at Module._extensions..js (node:internal/modules/cjs/loader:1422:10)
    at Module.load (node:internal/modules/cjs/loader:1203:32)
    at Module._load (node:internal/modules/cjs/loader:1019:12)
    at Module.require (node:internal/modules/cjs/loader:1231:19)
[2025-03-03T04:30:23.973Z] [31MERROR[39M: uncaughtException: Cannot find module './routes/auth.routes.js'
Require stack:
- /app/app.js
- /app/server.js
Error: Cannot find module './routes/auth.routes.js'
Require stack:
- /app/app.js
- /app/server.js
    at Module._resolveFilename (node:internal/modules/cjs/loader:1140:15)
    at Module._load (node:internal/modules/cjs/loader:981:27)
    at Module.require (node:internal/modules/cjs/loader:1231:19)
    at require (node:internal/modules/helpers:177:18)
    at Object.<anonymous> (/app/app.js:11:20)
    at Module._compile (node:internal/modules/cjs/loader:1364:14)
    at Module._extensions..js (node:internal/modules/cjs/loader:1422:10)
    at Module.load (node:internal/modules/cjs/loader:1203:32)
    at Module._load (node:internal/modules/cjs/loader:1019:12)
    at Module.require (node:internal/modules/cjs/loader:1231:19)
[2025-03-03T04:30:30.102Z] [31MERROR[39M: uncaughtException: Cannot find module './routes/auth.routes.js'
Require stack:
- /app/app.js
- /app/server.js
Error: Cannot find module './routes/auth.routes.js'
Require stack:
- /app/app.js
- /app/server.js
    at Module._resolveFilename (node:internal/modules/cjs/loader:1140:15)
    at Module._load (node:internal/modules/cjs/loader:981:27)
    at Module.require (node:internal/modules/cjs/loader:1231:19)
    at require (node:internal/modules/helpers:177:18)
    at Object.<anonymous> (/app/app.js:11:20)
    at Module._compile (node:internal/modules/cjs/loader:1364:14)
    at Module._extensions..js (node:internal/modules/cjs/loader:1422:10)
    at Module.load (node:internal/modules/cjs/loader:1203:32)
    at Module._load (node:internal/modules/cjs/loader:1019:12)
    at Module.require (node:internal/modules/cjs/loader:1231:19)
[2025-03-03T04:30:30.665Z] [31MERROR[39M: uncaughtException: Cannot find module './routes/auth.routes.js'
Require stack:
- /app/app.js
- /app/server.js
Error: Cannot find module './routes/auth.routes.js'
Require stack:
- /app/app.js
- /app/server.js
    at Module._resolveFilename (node:internal/modules/cjs/loader:1140:15)
    at Module._load (node:internal/modules/cjs/loader:981:27)
    at Module.require (node:internal/modules/cjs/loader:1231:19)
    at require (node:internal/modules/helpers:177:18)
    at Object.<anonymous> (/app/app.js:11:20)
    at Module._compile (node:internal/modules/cjs/loader:1364:14)
    at Module._extensions..js (node:internal/modules/cjs/loader:1422:10)
    at Module.load (node:internal/modules/cjs/loader:1203:32)
    at Module._load (node:internal/modules/cjs/loader:1019:12)
    at Module.require (node:internal/modules/cjs/loader:1231:19)
[2025-03-03T04:30:36.824Z] [31MERROR[39M: uncaughtException: Cannot find module './routes/auth.routes.js'
Require stack:
- /app/app.js
- /app/server.js
Error: Cannot find module './routes/auth.routes.js'
Require stack:
- /app/app.js
- /app/server.js
    at Module._resolveFilename (node:internal/modules/cjs/loader:1140:15)
    at Module._load (node:internal/modules/cjs/loader:981:27)
    at Module.require (node:internal/modules/cjs/loader:1231:19)
    at require (node:internal/modules/helpers:177:18)
    at Object.<anonymous> (/app/app.js:11:20)
    at Module._compile (node:internal/modules/cjs/loader:1364:14)
    at Module._extensions..js (node:internal/modules/cjs/loader:1422:10)
    at Module.load (node:internal/modules/cjs/loader:1203:32)
    at Module._load (node:internal/modules/cjs/loader:1019:12)
    at Module.require (node:internal/modules/cjs/loader:1231:19)
[2025-03-03T04:30:37.461Z] [31MERROR[39M: uncaughtException: Cannot find module './routes/auth.routes.js'
Require stack:
- /app/app.js
- /app/server.js
Error: Cannot find module './routes/auth.routes.js'
Require stack:
- /app/app.js
- /app/server.js
    at Module._resolveFilename (node:internal/modules/cjs/loader:1140:15)
    at Module._load (node:internal/modules/cjs/loader:981:27)
    at Module.require (node:internal/modules/cjs/loader:1231:19)
    at require (node:internal/modules/helpers:177:18)
    at Object.<anonymous> (/app/app.js:11:20)
    at Module._compile (node:internal/modules/cjs/loader:1364:14)
    at Module._extensions..js (node:internal/modules/cjs/loader:1422:10)
    at Module.load (node:internal/modules/cjs/loader:1203:32)
    at Module._load (node:internal/modules/cjs/loader:1019:12)
    at Module.require (node:internal/modules/cjs/loader:1231:19)
[2025-03-03T04:30:43.629Z] [31MERROR[39M: uncaughtException: Cannot find module './routes/auth.routes.js'
Require stack:
- /app/app.js
- /app/server.js
Error: Cannot find module './routes/auth.routes.js'
Require stack:
- /app/app.js
- /app/server.js
    at Module._resolveFilename (node:internal/modules/cjs/loader:1140:15)
    at Module._load (node:internal/modules/cjs/loader:981:27)
    at Module.require (node:internal/modules/cjs/loader:1231:19)
    at require (node:internal/modules/helpers:177:18)
    at Object.<anonymous> (/app/app.js:11:20)
    at Module._compile (node:internal/modules/cjs/loader:1364:14)
    at Module._extensions..js (node:internal/modules/cjs/loader:1422:10)
    at Module.load (node:internal/modules/cjs/loader:1203:32)
    at Module._load (node:internal/modules/cjs/loader:1019:12)
    at Module.require (node:internal/modules/cjs/loader:1231:19)
[2025-03-03T04:30:44.095Z] [31MERROR[39M: uncaughtException: Cannot find module './routes/auth.routes.js'
Require stack:
- /app/app.js
- /app/server.js
Error: Cannot find module './routes/auth.routes.js'
Require stack:
- /app/app.js
- /app/server.js
    at Module._resolveFilename (node:internal/modules/cjs/loader:1140:15)
    at Module._load (node:internal/modules/cjs/loader:981:27)
    at Module.require (node:internal/modules/cjs/loader:1231:19)
    at require (node:internal/modules/helpers:177:18)
    at Object.<anonymous> (/app/app.js:11:20)
    at Module._compile (node:internal/modules/cjs/loader:1364:14)
    at Module._extensions..js (node:internal/modules/cjs/loader:1422:10)
    at Module.load (node:internal/modules/cjs/loader:1203:32)
    at Module._load (node:internal/modules/cjs/loader:1019:12)
    at Module.require (node:internal/modules/cjs/loader:1231:19)
[2025-03-03T04:30:59.735Z] [31MERROR[39M: uncaughtException: Cannot find module './routes/auth.routes.js'
Require stack:
- /app/app.js
- /app/server.js
Error: Cannot find module './routes/auth.routes.js'
Require stack:
- /app/app.js
- /app/server.js
    at Module._resolveFilename (node:internal/modules/cjs/loader:1140:15)
    at Module._load (node:internal/modules/cjs/loader:981:27)
    at Module.require (node:internal/modules/cjs/loader:1231:19)
    at require (node:internal/modules/helpers:177:18)
    at Object.<anonymous> (/app/app.js:11:20)
    at Module._compile (node:internal/modules/cjs/loader:1364:14)
    at Module._extensions..js (node:internal/modules/cjs/loader:1422:10)
    at Module.load (node:internal/modules/cjs/loader:1203:32)
    at Module._load (node:internal/modules/cjs/loader:1019:12)
    at Module.require (node:internal/modules/cjs/loader:1231:19)
[2025-03-03T04:31:06.140Z] [31MERROR[39M: uncaughtException: Cannot find module './routes/auth.routes.js'
Require stack:
- /app/app.js
- /app/server.js
Error: Cannot find module './routes/auth.routes.js'
Require stack:
- /app/app.js
- /app/server.js
    at Module._resolveFilename (node:internal/modules/cjs/loader:1140:15)
    at Module._load (node:internal/modules/cjs/loader:981:27)
    at Module.require (node:internal/modules/cjs/loader:1231:19)
    at require (node:internal/modules/helpers:177:18)
    at Object.<anonymous> (/app/app.js:11:20)
    at Module._compile (node:internal/modules/cjs/loader:1364:14)
    at Module._extensions..js (node:internal/modules/cjs/loader:1422:10)
    at Module.load (node:internal/modules/cjs/loader:1203:32)
    at Module._load (node:internal/modules/cjs/loader:1019:12)
    at Module.require (node:internal/modules/cjs/loader:1231:19)
[2025-03-03T04:31:11.419Z] [31MERROR[39M: uncaughtException: Cannot find module './routes/auth.routes.js'
Require stack:
- /app/app.js
- /app/server.js
Error: Cannot find module './routes/auth.routes.js'
Require stack:
- /app/app.js
- /app/server.js
    at Module._resolveFilename (node:internal/modules/cjs/loader:1140:15)
    at Module._load (node:internal/modules/cjs/loader:981:27)
    at Module.require (node:internal/modules/cjs/loader:1231:19)
    at require (node:internal/modules/helpers:177:18)
    at Object.<anonymous> (/app/app.js:11:20)
    at Module._compile (node:internal/modules/cjs/loader:1364:14)
    at Module._extensions..js (node:internal/modules/cjs/loader:1422:10)
    at Module.load (node:internal/modules/cjs/loader:1203:32)
    at Module._load (node:internal/modules/cjs/loader:1019:12)
    at Module.require (node:internal/modules/cjs/loader:1231:19)
[2025-03-03T04:31:18.897Z] [31MERROR[39M: uncaughtException: Cannot find module './routes/auth.routes.js'
Require stack:
- /app/app.js
- /app/server.js
Error: Cannot find module './routes/auth.routes.js'
Require stack:
- /app/app.js
- /app/server.js
    at Module._resolveFilename (node:internal/modules/cjs/loader:1140:15)
    at Module._load (node:internal/modules/cjs/loader:981:27)
    at Module.require (node:internal/modules/cjs/loader:1231:19)
    at require (node:internal/modules/helpers:177:18)
    at Object.<anonymous> (/app/app.js:11:20)
    at Module._compile (node:internal/modules/cjs/loader:1364:14)
    at Module._extensions..js (node:internal/modules/cjs/loader:1422:10)
    at Module.load (node:internal/modules/cjs/loader:1203:32)
    at Module._load (node:internal/modules/cjs/loader:1019:12)
    at Module.require (node:internal/modules/cjs/loader:1231:19)
[2025-03-03T04:31:29.843Z] [31MERROR[39M: uncaughtException: Cannot find module './routes/auth.routes.js'
Require stack:
- /app/app.js
- /app/server.js
Error: Cannot find module './routes/auth.routes.js'
Require stack:
- /app/app.js
- /app/server.js
    at Module._resolveFilename (node:internal/modules/cjs/loader:1140:15)
    at Module._load (node:internal/modules/cjs/loader:981:27)
    at Module.require (node:internal/modules/cjs/loader:1231:19)
    at require (node:internal/modules/helpers:177:18)
    at Object.<anonymous> (/app/app.js:11:20)
    at Module._compile (node:internal/modules/cjs/loader:1364:14)
    at Module._extensions..js (node:internal/modules/cjs/loader:1422:10)
    at Module.load (node:internal/modules/cjs/loader:1203:32)
    at Module._load (node:internal/modules/cjs/loader:1019:12)
    at Module.require (node:internal/modules/cjs/loader:1231:19)
[2025-03-03T04:31:36.205Z] [31MERROR[39M: uncaughtException: Cannot find module './routes/auth.routes.js'
Require stack:
- /app/app.js
- /app/server.js
Error: Cannot find module './routes/auth.routes.js'
Require stack:
- /app/app.js
- /app/server.js
    at Module._resolveFilename (node:internal/modules/cjs/loader:1140:15)
    at Module._load (node:internal/modules/cjs/loader:981:27)
    at Module.require (node:internal/modules/cjs/loader:1231:19)
    at require (node:internal/modules/helpers:177:18)
    at Object.<anonymous> (/app/app.js:11:20)
    at Module._compile (node:internal/modules/cjs/loader:1364:14)
    at Module._extensions..js (node:internal/modules/cjs/loader:1422:10)
    at Module.load (node:internal/modules/cjs/loader:1203:32)
    at Module._load (node:internal/modules/cjs/loader:1019:12)
    at Module.require (node:internal/modules/cjs/loader:1231:19)
[2025-03-03T04:31:42.655Z] [31MERROR[39M: uncaughtException: Cannot find module './routes/auth.routes.js'
Require stack:
- /app/app.js
- /app/server.js
Error: Cannot find module './routes/auth.routes.js'
Require stack:
- /app/app.js
- /app/server.js
    at Module._resolveFilename (node:internal/modules/cjs/loader:1140:15)
    at Module._load (node:internal/modules/cjs/loader:981:27)
    at Module.require (node:internal/modules/cjs/loader:1231:19)
    at require (node:internal/modules/helpers:177:18)
    at Object.<anonymous> (/app/app.js:11:20)
    at Module._compile (node:internal/modules/cjs/loader:1364:14)
    at Module._extensions..js (node:internal/modules/cjs/loader:1422:10)
    at Module.load (node:internal/modules/cjs/loader:1203:32)
    at Module._load (node:internal/modules/cjs/loader:1019:12)
    at Module.require (node:internal/modules/cjs/loader:1231:19)
[2025-03-03T04:32:17.930Z] [31MERROR[39M: uncaughtException: Cannot find module './routes/auth.routes.js'
Require stack:
- /app/app.js
- /app/server.js
Error: Cannot find module './routes/auth.routes.js'
Require stack:
- /app/app.js
- /app/server.js
    at Module._resolveFilename (node:internal/modules/cjs/loader:1140:15)
    at Module._load (node:internal/modules/cjs/loader:981:27)
    at Module.require (node:internal/modules/cjs/loader:1231:19)
    at require (node:internal/modules/helpers:177:18)
    at Object.<anonymous> (/app/app.js:11:20)
    at Module._compile (node:internal/modules/cjs/loader:1364:14)
    at Module._extensions..js (node:internal/modules/cjs/loader:1422:10)
    at Module.load (node:internal/modules/cjs/loader:1203:32)
    at Module._load (node:internal/modules/cjs/loader:1019:12)
    at Module.require (node:internal/modules/cjs/loader:1231:19)
[2025-03-03T04:32:24.341Z] [31MERROR[39M: uncaughtException: Cannot find module './routes/auth.routes.js'
Require stack:
- /app/app.js
- /app/server.js
Error: Cannot find module './routes/auth.routes.js'
Require stack:
- /app/app.js
- /app/server.js
    at Module._resolveFilename (node:internal/modules/cjs/loader:1140:15)
    at Module._load (node:internal/modules/cjs/loader:981:27)
    at Module.require (node:internal/modules/cjs/loader:1231:19)
    at require (node:internal/modules/helpers:177:18)
    at Object.<anonymous> (/app/app.js:11:20)
    at Module._compile (node:internal/modules/cjs/loader:1364:14)
    at Module._extensions..js (node:internal/modules/cjs/loader:1422:10)
    at Module.load (node:internal/modules/cjs/loader:1203:32)
    at Module._load (node:internal/modules/cjs/loader:1019:12)
    at Module.require (node:internal/modules/cjs/loader:1231:19)
[2025-03-03T04:32:29.764Z] [31MERROR[39M: uncaughtException: Cannot find module './routes/auth.routes.js'
Require stack:
- /app/app.js
- /app/server.js
Error: Cannot find module './routes/auth.routes.js'
Require stack:
- /app/app.js
- /app/server.js
    at Module._resolveFilename (node:internal/modules/cjs/loader:1140:15)
    at Module._load (node:internal/modules/cjs/loader:981:27)
    at Module.require (node:internal/modules/cjs/loader:1231:19)
    at require (node:internal/modules/helpers:177:18)
    at Object.<anonymous> (/app/app.js:11:20)
    at Module._compile (node:internal/modules/cjs/loader:1364:14)
    at Module._extensions..js (node:internal/modules/cjs/loader:1422:10)
    at Module.load (node:internal/modules/cjs/loader:1203:32)
    at Module._load (node:internal/modules/cjs/loader:1019:12)
    at Module.require (node:internal/modules/cjs/loader:1231:19)
[2025-03-03T04:32:39.717Z] [31MERROR[39M: uncaughtException: Cannot find module './routes/auth.routes.js'
Require stack:
- /app/app.js
- /app/server.js
Error: Cannot find module './routes/auth.routes.js'
Require stack:
- /app/app.js
- /app/server.js
    at Module._resolveFilename (node:internal/modules/cjs/loader:1140:15)
    at Module._load (node:internal/modules/cjs/loader:981:27)
    at Module.require (node:internal/modules/cjs/loader:1231:19)
    at require (node:internal/modules/helpers:177:18)
    at Object.<anonymous> (/app/app.js:11:20)
    at Module._compile (node:internal/modules/cjs/loader:1364:14)
    at Module._extensions..js (node:internal/modules/cjs/loader:1422:10)
    at Module.load (node:internal/modules/cjs/loader:1203:32)
    at Module._load (node:internal/modules/cjs/loader:1019:12)
    at Module.require (node:internal/modules/cjs/loader:1231:19)
[2025-03-03T04:32:48.142Z] [31MERROR[39M: uncaughtException: Cannot find module './routes/auth.routes.js'
Require stack:
- /app/app.js
- /app/server.js
Error: Cannot find module './routes/auth.routes.js'
Require stack:
- /app/app.js
- /app/server.js
    at Module._resolveFilename (node:internal/modules/cjs/loader:1140:15)
    at Module._load (node:internal/modules/cjs/loader:981:27)
    at Module.require (node:internal/modules/cjs/loader:1231:19)
    at require (node:internal/modules/helpers:177:18)
    at Object.<anonymous> (/app/app.js:11:20)
    at Module._compile (node:internal/modules/cjs/loader:1364:14)
    at Module._extensions..js (node:internal/modules/cjs/loader:1422:10)
    at Module.load (node:internal/modules/cjs/loader:1203:32)
    at Module._load (node:internal/modules/cjs/loader:1019:12)
    at Module.require (node:internal/modules/cjs/loader:1231:19)
[2025-03-03T04:32:57.191Z] [31MERROR[39M: uncaughtException: Cannot find module './routes/auth.routes.js'
Require stack:
- /app/app.js
- /app/server.js
Error: Cannot find module './routes/auth.routes.js'
Require stack:
- /app/app.js
- /app/server.js
    at Module._resolveFilename (node:internal/modules/cjs/loader:1140:15)
    at Module._load (node:internal/modules/cjs/loader:981:27)
    at Module.require (node:internal/modules/cjs/loader:1231:19)
    at require (node:internal/modules/helpers:177:18)
    at Object.<anonymous> (/app/app.js:11:20)
    at Module._compile (node:internal/modules/cjs/loader:1364:14)
    at Module._extensions..js (node:internal/modules/cjs/loader:1422:10)
    at Module.load (node:internal/modules/cjs/loader:1203:32)
    at Module._load (node:internal/modules/cjs/loader:1019:12)
    at Module.require (node:internal/modules/cjs/loader:1231:19)
[2025-03-03T04:33:07.199Z] [31MERROR[39M: uncaughtException: Cannot find module './routes/auth.routes.js'
Require stack:
- /app/app.js
- /app/server.js
Error: Cannot find module './routes/auth.routes.js'
Require stack:
- /app/app.js
- /app/server.js
    at Module._resolveFilename (node:internal/modules/cjs/loader:1140:15)
    at Module._load (node:internal/modules/cjs/loader:981:27)
    at Module.require (node:internal/modules/cjs/loader:1231:19)
    at require (node:internal/modules/helpers:177:18)
    at Object.<anonymous> (/app/app.js:11:20)
    at Module._compile (node:internal/modules/cjs/loader:1364:14)
    at Module._extensions..js (node:internal/modules/cjs/loader:1422:10)
    at Module.load (node:internal/modules/cjs/loader:1203:32)
    at Module._load (node:internal/modules/cjs/loader:1019:12)
    at Module.require (node:internal/modules/cjs/loader:1231:19)
[2025-03-03T04:34:20.004Z] [31MERROR[39M: uncaughtException: Cannot find module './routes/auth.routes.js'
Require stack:
- /app/app.js
- /app/server.js
Error: Cannot find module './routes/auth.routes.js'
Require stack:
- /app/app.js
- /app/server.js
    at Module._resolveFilename (node:internal/modules/cjs/loader:1140:15)
    at Module._load (node:internal/modules/cjs/loader:981:27)
    at Module.require (node:internal/modules/cjs/loader:1231:19)
    at require (node:internal/modules/helpers:177:18)
    at Object.<anonymous> (/app/app.js:11:20)
    at Module._compile (node:internal/modules/cjs/loader:1364:14)
    at Module._extensions..js (node:internal/modules/cjs/loader:1422:10)
    at Module.load (node:internal/modules/cjs/loader:1203:32)
    at Module._load (node:internal/modules/cjs/loader:1019:12)
    at Module.require (node:internal/modules/cjs/loader:1231:19)
[2025-03-03T04:34:23.552Z] [31MERROR[39M: uncaughtException: Cannot find module './routes/auth.routes.js'
Require stack:
- /app/app.js
- /app/server.js
Error: Cannot find module './routes/auth.routes.js'
Require stack:
- /app/app.js
- /app/server.js
    at Module._resolveFilename (node:internal/modules/cjs/loader:1140:15)
    at Module._load (node:internal/modules/cjs/loader:981:27)
    at Module.require (node:internal/modules/cjs/loader:1231:19)
    at require (node:internal/modules/helpers:177:18)
    at Object.<anonymous> (/app/app.js:11:20)
    at Module._compile (node:internal/modules/cjs/loader:1364:14)
    at Module._extensions..js (node:internal/modules/cjs/loader:1422:10)
    at Module.load (node:internal/modules/cjs/loader:1203:32)
    at Module._load (node:internal/modules/cjs/loader:1019:12)
    at Module.require (node:internal/modules/cjs/loader:1231:19)
[2025-03-03T04:34:27.421Z] [31MERROR[39M: uncaughtException: Cannot find module './routes/auth.routes.js'
Require stack:
- /app/app.js
- /app/server.js
Error: Cannot find module './routes/auth.routes.js'
Require stack:
- /app/app.js
- /app/server.js
    at Module._resolveFilename (node:internal/modules/cjs/loader:1140:15)
    at Module._load (node:internal/modules/cjs/loader:981:27)
    at Module.require (node:internal/modules/cjs/loader:1231:19)
    at require (node:internal/modules/helpers:177:18)
    at Object.<anonymous> (/app/app.js:11:20)
    at Module._compile (node:internal/modules/cjs/loader:1364:14)
    at Module._extensions..js (node:internal/modules/cjs/loader:1422:10)
    at Module.load (node:internal/modules/cjs/loader:1203:32)
    at Module._load (node:internal/modules/cjs/loader:1019:12)
    at Module.require (node:internal/modules/cjs/loader:1231:19)
[2025-03-03T04:34:28.298Z] [31MERROR[39M: uncaughtException: Cannot find module './routes/auth.routes.js'
Require stack:
- /app/app.js
- /app/server.js
Error: Cannot find module './routes/auth.routes.js'
Require stack:
- /app/app.js
- /app/server.js
    at Module._resolveFilename (node:internal/modules/cjs/loader:1140:15)
    at Module._load (node:internal/modules/cjs/loader:981:27)
    at Module.require (node:internal/modules/cjs/loader:1231:19)
    at require (node:internal/modules/helpers:177:18)
    at Object.<anonymous> (/app/app.js:11:20)
    at Module._compile (node:internal/modules/cjs/loader:1364:14)
    at Module._extensions..js (node:internal/modules/cjs/loader:1422:10)
    at Module.load (node:internal/modules/cjs/loader:1203:32)
    at Module._load (node:internal/modules/cjs/loader:1019:12)
    at Module.require (node:internal/modules/cjs/loader:1231:19)
[2025-03-03T04:35:05.416Z] [31MERROR[39M: uncaughtException: Cannot find module './routes/auth.routes.js'
Require stack:
- /app/app.js
- /app/server.js
Error: Cannot find module './routes/auth.routes.js'
Require stack:
- /app/app.js
- /app/server.js
    at Module._resolveFilename (node:internal/modules/cjs/loader:1140:15)
    at Module._load (node:internal/modules/cjs/loader:981:27)
    at Module.require (node:internal/modules/cjs/loader:1231:19)
    at require (node:internal/modules/helpers:177:18)
    at Object.<anonymous> (/app/app.js:11:20)
    at Module._compile (node:internal/modules/cjs/loader:1364:14)
    at Module._extensions..js (node:internal/modules/cjs/loader:1422:10)
    at Module.load (node:internal/modules/cjs/loader:1203:32)
    at Module._load (node:internal/modules/cjs/loader:1019:12)
    at Module.require (node:internal/modules/cjs/loader:1231:19)
[2025-03-03T04:35:13.382Z] [31MERROR[39M: uncaughtException: Cannot find module './routes/auth.routes.js'
Require stack:
- /app/app.js
- /app/server.js
Error: Cannot find module './routes/auth.routes.js'
Require stack:
- /app/app.js
- /app/server.js
    at Module._resolveFilename (node:internal/modules/cjs/loader:1140:15)
    at Module._load (node:internal/modules/cjs/loader:981:27)
    at Module.require (node:internal/modules/cjs/loader:1231:19)
    at require (node:internal/modules/helpers:177:18)
    at Object.<anonymous> (/app/app.js:11:20)
    at Module._compile (node:internal/modules/cjs/loader:1364:14)
    at Module._extensions..js (node:internal/modules/cjs/loader:1422:10)
    at Module.load (node:internal/modules/cjs/loader:1203:32)
    at Module._load (node:internal/modules/cjs/loader:1019:12)
    at Module.require (node:internal/modules/cjs/loader:1231:19)
[2025-03-03T04:35:17.123Z] [31MERROR[39M: uncaughtException: Cannot find module './routes/auth.routes.js'
Require stack:
- /app/app.js
- /app/server.js
Error: Cannot find module './routes/auth.routes.js'
Require stack:
- /app/app.js
- /app/server.js
    at Module._resolveFilename (node:internal/modules/cjs/loader:1140:15)
    at Module._load (node:internal/modules/cjs/loader:981:27)
    at Module.require (node:internal/modules/cjs/loader:1231:19)
    at require (node:internal/modules/helpers:177:18)
    at Object.<anonymous> (/app/app.js:11:20)
    at Module._compile (node:internal/modules/cjs/loader:1364:14)
    at Module._extensions..js (node:internal/modules/cjs/loader:1422:10)
    at Module.load (node:internal/modules/cjs/loader:1203:32)
    at Module._load (node:internal/modules/cjs/loader:1019:12)
    at Module.require (node:internal/modules/cjs/loader:1231:19)
[2025-03-03T04:35:17.960Z] [31MERROR[39M: uncaughtException: Cannot find module './routes/auth.routes.js'
Require stack:
- /app/app.js
- /app/server.js
Error: Cannot find module './routes/auth.routes.js'
Require stack:
- /app/app.js
- /app/server.js
    at Module._resolveFilename (node:internal/modules/cjs/loader:1140:15)
    at Module._load (node:internal/modules/cjs/loader:981:27)
    at Module.require (node:internal/modules/cjs/loader:1231:19)
    at require (node:internal/modules/helpers:177:18)
    at Object.<anonymous> (/app/app.js:11:20)
    at Module._compile (node:internal/modules/cjs/loader:1364:14)
    at Module._extensions..js (node:internal/modules/cjs/loader:1422:10)
    at Module.load (node:internal/modules/cjs/loader:1203:32)
    at Module._load (node:internal/modules/cjs/loader:1019:12)
    at Module.require (node:internal/modules/cjs/loader:1231:19)
[2025-03-03T04:38:52.727Z] [31MERROR[39M: uncaughtException: Cannot find module './routes/auth.routes.js'
Require stack:
- /app/app.js
- /app/server.js
Error: Cannot find module './routes/auth.routes.js'
Require stack:
- /app/app.js
- /app/server.js
    at Module._resolveFilename (node:internal/modules/cjs/loader:1140:15)
    at Module._load (node:internal/modules/cjs/loader:981:27)
    at Module.require (node:internal/modules/cjs/loader:1231:19)
    at require (node:internal/modules/helpers:177:18)
    at Object.<anonymous> (/app/app.js:11:20)
    at Module._compile (node:internal/modules/cjs/loader:1364:14)
    at Module._extensions..js (node:internal/modules/cjs/loader:1422:10)
    at Module.load (node:internal/modules/cjs/loader:1203:32)
    at Module._load (node:internal/modules/cjs/loader:1019:12)
    at Module.require (node:internal/modules/cjs/loader:1231:19)
[2025-03-03T04:38:53.094Z] [31MERROR[39M: uncaughtException: Cannot find module './routes/auth.routes.js'
Require stack:
- /app/app.js
- /app/server.js
Error: Cannot find module './routes/auth.routes.js'
Require stack:
- /app/app.js
- /app/server.js
    at Module._resolveFilename (node:internal/modules/cjs/loader:1140:15)
    at Module._load (node:internal/modules/cjs/loader:981:27)
    at Module.require (node:internal/modules/cjs/loader:1231:19)
    at require (node:internal/modules/helpers:177:18)
    at Object.<anonymous> (/app/app.js:11:20)
    at Module._compile (node:internal/modules/cjs/loader:1364:14)
    at Module._extensions..js (node:internal/modules/cjs/loader:1422:10)
    at Module.load (node:internal/modules/cjs/loader:1203:32)
    at Module._load (node:internal/modules/cjs/loader:1019:12)
    at Module.require (node:internal/modules/cjs/loader:1231:19)
[2025-03-03T04:39:04.777Z] [31MERROR[39M: uncaughtException: Cannot find module './routes/auth.routes.js'
Require stack:
- /app/app.js
- /app/server.js
Error: Cannot find module './routes/auth.routes.js'
Require stack:
- /app/app.js
- /app/server.js
    at Module._resolveFilename (node:internal/modules/cjs/loader:1140:15)
    at Module._load (node:internal/modules/cjs/loader:981:27)
    at Module.require (node:internal/modules/cjs/loader:1231:19)
    at require (node:internal/modules/helpers:177:18)
    at Object.<anonymous> (/app/app.js:11:20)
    at Module._compile (node:internal/modules/cjs/loader:1364:14)
    at Module._extensions..js (node:internal/modules/cjs/loader:1422:10)
    at Module.load (node:internal/modules/cjs/loader:1203:32)
    at Module._load (node:internal/modules/cjs/loader:1019:12)
    at Module.require (node:internal/modules/cjs/loader:1231:19)
[2025-03-03T04:39:16.024Z] [31MERROR[39M: uncaughtException: Cannot find module './routes/auth.routes.js'
Require stack:
- /app/app.js
- /app/server.js
Error: Cannot find module './routes/auth.routes.js'
Require stack:
- /app/app.js
- /app/server.js
    at Module._resolveFilename (node:internal/modules/cjs/loader:1140:15)
    at Module._load (node:internal/modules/cjs/loader:981:27)
    at Module.require (node:internal/modules/cjs/loader:1231:19)
    at require (node:internal/modules/helpers:177:18)
    at Object.<anonymous> (/app/app.js:11:20)
    at Module._compile (node:internal/modules/cjs/loader:1364:14)
    at Module._extensions..js (node:internal/modules/cjs/loader:1422:10)
    at Module.load (node:internal/modules/cjs/loader:1203:32)
    at Module._load (node:internal/modules/cjs/loader:1019:12)
    at Module.require (node:internal/modules/cjs/loader:1231:19)
[2025-03-03T04:39:20.501Z] [31MERROR[39M: uncaughtException: Cannot find module './routes/auth.routes.js'
Require stack:
- /app/app.js
- /app/server.js
Error: Cannot find module './routes/auth.routes.js'
Require stack:
- /app/app.js
- /app/server.js
    at Module._resolveFilename (node:internal/modules/cjs/loader:1140:15)
    at Module._load (node:internal/modules/cjs/loader:981:27)
    at Module.require (node:internal/modules/cjs/loader:1231:19)
    at require (node:internal/modules/helpers:177:18)
    at Object.<anonymous> (/app/app.js:11:20)
    at Module._compile (node:internal/modules/cjs/loader:1364:14)
    at Module._extensions..js (node:internal/modules/cjs/loader:1422:10)
    at Module.load (node:internal/modules/cjs/loader:1203:32)
    at Module._load (node:internal/modules/cjs/loader:1019:12)
    at Module.require (node:internal/modules/cjs/loader:1231:19)
[2025-03-03T04:39:23.097Z] [31MERROR[39M: uncaughtException: Cannot find module './routes/auth.routes.js'
Require stack:
- /app/app.js
- /app/server.js
Error: Cannot find module './routes/auth.routes.js'
Require stack:
- /app/app.js
- /app/server.js
    at Module._resolveFilename (node:internal/modules/cjs/loader:1140:15)
    at Module._load (node:internal/modules/cjs/loader:981:27)
    at Module.require (node:internal/modules/cjs/loader:1231:19)
    at require (node:internal/modules/helpers:177:18)
    at Object.<anonymous> (/app/app.js:11:20)
    at Module._compile (node:internal/modules/cjs/loader:1364:14)
    at Module._extensions..js (node:internal/modules/cjs/loader:1422:10)
    at Module.load (node:internal/modules/cjs/loader:1203:32)
    at Module._load (node:internal/modules/cjs/loader:1019:12)
    at Module.require (node:internal/modules/cjs/loader:1231:19)
[2025-03-03T04:41:35.479Z] [31MERROR[39M: uncaughtException: Cannot find module './routes/auth.routes.js'
Require stack:
- /app/app.js
- /app/server.js
Error: Cannot find module './routes/auth.routes.js'
Require stack:
- /app/app.js
- /app/server.js
    at Module._resolveFilename (node:internal/modules/cjs/loader:1140:15)
    at Module._load (node:internal/modules/cjs/loader:981:27)
    at Module.require (node:internal/modules/cjs/loader:1231:19)
    at require (node:internal/modules/helpers:177:18)
    at Object.<anonymous> (/app/app.js:11:20)
    at Module._compile (node:internal/modules/cjs/loader:1364:14)
    at Module._extensions..js (node:internal/modules/cjs/loader:1422:10)
    at Module.load (node:internal/modules/cjs/loader:1203:32)
    at Module._load (node:internal/modules/cjs/loader:1019:12)
    at Module.require (node:internal/modules/cjs/loader:1231:19)
[2025-03-03T04:41:55.278Z] [31MERROR[39M: uncaughtException: Cannot find module './routes/auth.routes.js'
Require stack:
- /app/app.js
- /app/server.js
Error: Cannot find module './routes/auth.routes.js'
Require stack:
- /app/app.js
- /app/server.js
    at Module._resolveFilename (node:internal/modules/cjs/loader:1140:15)
    at Module._load (node:internal/modules/cjs/loader:981:27)
    at Module.require (node:internal/modules/cjs/loader:1231:19)
    at require (node:internal/modules/helpers:177:18)
    at Object.<anonymous> (/app/app.js:11:20)
    at Module._compile (node:internal/modules/cjs/loader:1364:14)
    at Module._extensions..js (node:internal/modules/cjs/loader:1422:10)
    at Module.load (node:internal/modules/cjs/loader:1203:32)
    at Module._load (node:internal/modules/cjs/loader:1019:12)
    at Module.require (node:internal/modules/cjs/loader:1231:19)
[2025-03-03T04:41:57.008Z] [31MERROR[39M: uncaughtException: Cannot find module './routes/auth.routes.js'
Require stack:
- /app/app.js
- /app/server.js
Error: Cannot find module './routes/auth.routes.js'
Require stack:
- /app/app.js
- /app/server.js
    at Module._resolveFilename (node:internal/modules/cjs/loader:1140:15)
    at Module._load (node:internal/modules/cjs/loader:981:27)
    at Module.require (node:internal/modules/cjs/loader:1231:19)
    at require (node:internal/modules/helpers:177:18)
    at Object.<anonymous> (/app/app.js:11:20)
    at Module._compile (node:internal/modules/cjs/loader:1364:14)
    at Module._extensions..js (node:internal/modules/cjs/loader:1422:10)
    at Module.load (node:internal/modules/cjs/loader:1203:32)
    at Module._load (node:internal/modules/cjs/loader:1019:12)
    at Module.require (node:internal/modules/cjs/loader:1231:19)
[2025-03-03T04:42:00.684Z] [31MERROR[39M: uncaughtException: Cannot find module './routes/auth.routes.js'
Require stack:
- /app/app.js
- /app/server.js
Error: Cannot find module './routes/auth.routes.js'
Require stack:
- /app/app.js
- /app/server.js
    at Module._resolveFilename (node:internal/modules/cjs/loader:1140:15)
    at Module._load (node:internal/modules/cjs/loader:981:27)
    at Module.require (node:internal/modules/cjs/loader:1231:19)
    at require (node:internal/modules/helpers:177:18)
    at Object.<anonymous> (/app/app.js:11:20)
    at Module._compile (node:internal/modules/cjs/loader:1364:14)
    at Module._extensions..js (node:internal/modules/cjs/loader:1422:10)
    at Module.load (node:internal/modules/cjs/loader:1203:32)
    at Module._load (node:internal/modules/cjs/loader:1019:12)
    at Module.require (node:internal/modules/cjs/loader:1231:19)
[2025-03-03T04:43:32.915Z] [31MERROR[39M: uncaughtException: Cannot find module './routes/auth.routes.js'
Require stack:
- /app/app.js
- /app/server.js
Error: Cannot find module './routes/auth.routes.js'
Require stack:
- /app/app.js
- /app/server.js
    at Module._resolveFilename (node:internal/modules/cjs/loader:1140:15)
    at Module._load (node:internal/modules/cjs/loader:981:27)
    at Module.require (node:internal/modules/cjs/loader:1231:19)
    at require (node:internal/modules/helpers:177:18)
    at Object.<anonymous> (/app/app.js:11:20)
    at Module._compile (node:internal/modules/cjs/loader:1364:14)
    at Module._extensions..js (node:internal/modules/cjs/loader:1422:10)
    at Module.load (node:internal/modules/cjs/loader:1203:32)
    at Module._load (node:internal/modules/cjs/loader:1019:12)
    at Module.require (node:internal/modules/cjs/loader:1231:19)
[2025-03-03T04:43:44.240Z] [31MERROR[39M: uncaughtException: Cannot find module './routes/auth.routes.js'
Require stack:
- /app/app.js
- /app/server.js
Error: Cannot find module './routes/auth.routes.js'
Require stack:
- /app/app.js
- /app/server.js
    at Module._resolveFilename (node:internal/modules/cjs/loader:1140:15)
    at Module._load (node:internal/modules/cjs/loader:981:27)
    at Module.require (node:internal/modules/cjs/loader:1231:19)
    at require (node:internal/modules/helpers:177:18)
    at Object.<anonymous> (/app/app.js:11:20)
    at Module._compile (node:internal/modules/cjs/loader:1364:14)
    at Module._extensions..js (node:internal/modules/cjs/loader:1422:10)
    at Module.load (node:internal/modules/cjs/loader:1203:32)
    at Module._load (node:internal/modules/cjs/loader:1019:12)
    at Module.require (node:internal/modules/cjs/loader:1231:19)
[2025-03-03T04:44:47.599Z] [31MERROR[39M: uncaughtException: Cannot find module './routes/auth.routes.js'
Require stack:
- /app/app.js
- /app/server.js
Error: Cannot find module './routes/auth.routes.js'
Require stack:
- /app/app.js
- /app/server.js
    at Module._resolveFilename (node:internal/modules/cjs/loader:1140:15)
    at Module._load (node:internal/modules/cjs/loader:981:27)
    at Module.require (node:internal/modules/cjs/loader:1231:19)
    at require (node:internal/modules/helpers:177:18)
    at Object.<anonymous> (/app/app.js:11:20)
    at Module._compile (node:internal/modules/cjs/loader:1364:14)
    at Module._extensions..js (node:internal/modules/cjs/loader:1422:10)
    at Module.load (node:internal/modules/cjs/loader:1203:32)
    at Module._load (node:internal/modules/cjs/loader:1019:12)
    at Module.require (node:internal/modules/cjs/loader:1231:19)
[2025-03-03T04:44:56.766Z] [31MERROR[39M: uncaughtException: Cannot find module './routes/auth.routes.js'
Require stack:
- /app/app.js
- /app/server.js
Error: Cannot find module './routes/auth.routes.js'
Require stack:
- /app/app.js
- /app/server.js
    at Module._resolveFilename (node:internal/modules/cjs/loader:1140:15)
    at Module._load (node:internal/modules/cjs/loader:981:27)
    at Module.require (node:internal/modules/cjs/loader:1231:19)
    at require (node:internal/modules/helpers:177:18)
    at Object.<anonymous> (/app/app.js:11:20)
    at Module._compile (node:internal/modules/cjs/loader:1364:14)
    at Module._extensions..js (node:internal/modules/cjs/loader:1422:10)
    at Module.load (node:internal/modules/cjs/loader:1203:32)
    at Module._load (node:internal/modules/cjs/loader:1019:12)
    at Module.require (node:internal/modules/cjs/loader:1231:19)
[2025-03-03T04:45:00.120Z] [31MERROR[39M: uncaughtException: Cannot find module './routes/auth.routes.js'
Require stack:
- /app/app.js
- /app/server.js
Error: Cannot find module './routes/auth.routes.js'
Require stack:
- /app/app.js
- /app/server.js
    at Module._resolveFilename (node:internal/modules/cjs/loader:1140:15)
    at Module._load (node:internal/modules/cjs/loader:981:27)
    at Module.require (node:internal/modules/cjs/loader:1231:19)
    at require (node:internal/modules/helpers:177:18)
    at Object.<anonymous> (/app/app.js:11:20)
    at Module._compile (node:internal/modules/cjs/loader:1364:14)
    at Module._extensions..js (node:internal/modules/cjs/loader:1422:10)
    at Module.load (node:internal/modules/cjs/loader:1203:32)
    at Module._load (node:internal/modules/cjs/loader:1019:12)
    at Module.require (node:internal/modules/cjs/loader:1231:19)
[2025-03-03T04:45:13.357Z] [31MERROR[39M: uncaughtException: Cannot find module './routes/auth.routes.js'
Require stack:
- /app/app.js
- /app/server.js
Error: Cannot find module './routes/auth.routes.js'
Require stack:
- /app/app.js
- /app/server.js
    at Module._resolveFilename (node:internal/modules/cjs/loader:1140:15)
    at Module._load (node:internal/modules/cjs/loader:981:27)
    at Module.require (node:internal/modules/cjs/loader:1231:19)
    at require (node:internal/modules/helpers:177:18)
    at Object.<anonymous> (/app/app.js:11:20)
    at Module._compile (node:internal/modules/cjs/loader:1364:14)
    at Module._extensions..js (node:internal/modules/cjs/loader:1422:10)
    at Module.load (node:internal/modules/cjs/loader:1203:32)
    at Module._load (node:internal/modules/cjs/loader:1019:12)
    at Module.require (node:internal/modules/cjs/loader:1231:19)
[2025-03-03T04:46:04.241Z] [31MERROR[39M: uncaughtException: Cannot find module './routes/auth.routes.js'
Require stack:
- /app/app.js
- /app/server.js
Error: Cannot find module './routes/auth.routes.js'
Require stack:
- /app/app.js
- /app/server.js
    at Module._resolveFilename (node:internal/modules/cjs/loader:1140:15)
    at Module._load (node:internal/modules/cjs/loader:981:27)
    at Module.require (node:internal/modules/cjs/loader:1231:19)
    at require (node:internal/modules/helpers:177:18)
    at Object.<anonymous> (/app/app.js:11:20)
    at Module._compile (node:internal/modules/cjs/loader:1364:14)
    at Module._extensions..js (node:internal/modules/cjs/loader:1422:10)
    at Module.load (node:internal/modules/cjs/loader:1203:32)
    at Module._load (node:internal/modules/cjs/loader:1019:12)
    at Module.require (node:internal/modules/cjs/loader:1231:19)
[2025-03-03T04:46:15.290Z] [31MERROR[39M: uncaughtException: Cannot find module './routes/auth.routes.js'
Require stack:
- /app/app.js
- /app/server.js
Error: Cannot find module './routes/auth.routes.js'
Require stack:
- /app/app.js
- /app/server.js
    at Module._resolveFilename (node:internal/modules/cjs/loader:1140:15)
    at Module._load (node:internal/modules/cjs/loader:981:27)
    at Module.require (node:internal/modules/cjs/loader:1231:19)
    at require (node:internal/modules/helpers:177:18)
    at Object.<anonymous> (/app/app.js:11:20)
    at Module._compile (node:internal/modules/cjs/loader:1364:14)
    at Module._extensions..js (node:internal/modules/cjs/loader:1422:10)
    at Module.load (node:internal/modules/cjs/loader:1203:32)
    at Module._load (node:internal/modules/cjs/loader:1019:12)
    at Module.require (node:internal/modules/cjs/loader:1231:19)
[2025-03-03T04:46:18.144Z] [31MERROR[39M: uncaughtException: Cannot find module './routes/auth.routes.js'
Require stack:
- /app/app.js
- /app/server.js
Error: Cannot find module './routes/auth.routes.js'
Require stack:
- /app/app.js
- /app/server.js
    at Module._resolveFilename (node:internal/modules/cjs/loader:1140:15)
    at Module._load (node:internal/modules/cjs/loader:981:27)
    at Module.require (node:internal/modules/cjs/loader:1231:19)
    at require (node:internal/modules/helpers:177:18)
    at Object.<anonymous> (/app/app.js:11:20)
    at Module._compile (node:internal/modules/cjs/loader:1364:14)
    at Module._extensions..js (node:internal/modules/cjs/loader:1422:10)
    at Module.load (node:internal/modules/cjs/loader:1203:32)
    at Module._load (node:internal/modules/cjs/loader:1019:12)
    at Module.require (node:internal/modules/cjs/loader:1231:19)
[2025-03-03T04:46:29.945Z] [31MERROR[39M: uncaughtException: Cannot find module './routes/auth.routes.js'
Require stack:
- /app/app.js
- /app/server.js
Error: Cannot find module './routes/auth.routes.js'
Require stack:
- /app/app.js
- /app/server.js
    at Module._resolveFilename (node:internal/modules/cjs/loader:1140:15)
    at Module._load (node:internal/modules/cjs/loader:981:27)
    at Module.require (node:internal/modules/cjs/loader:1231:19)
    at require (node:internal/modules/helpers:177:18)
    at Object.<anonymous> (/app/app.js:11:20)
    at Module._compile (node:internal/modules/cjs/loader:1364:14)
    at Module._extensions..js (node:internal/modules/cjs/loader:1422:10)
    at Module.load (node:internal/modules/cjs/loader:1203:32)
    at Module._load (node:internal/modules/cjs/loader:1019:12)
    at Module.require (node:internal/modules/cjs/loader:1231:19)
[2025-03-03T04:46:32.696Z] [31MERROR[39M: uncaughtException: Cannot find module './routes/auth.routes.js'
Require stack:
- /app/app.js
- /app/server.js
Error: Cannot find module './routes/auth.routes.js'
Require stack:
- /app/app.js
- /app/server.js
    at Module._resolveFilename (node:internal/modules/cjs/loader:1140:15)
    at Module._load (node:internal/modules/cjs/loader:981:27)
    at Module.require (node:internal/modules/cjs/loader:1231:19)
    at require (node:internal/modules/helpers:177:18)
    at Object.<anonymous> (/app/app.js:11:20)
    at Module._compile (node:internal/modules/cjs/loader:1364:14)
    at Module._extensions..js (node:internal/modules/cjs/loader:1422:10)
    at Module.load (node:internal/modules/cjs/loader:1203:32)
    at Module._load (node:internal/modules/cjs/loader:1019:12)
    at Module.require (node:internal/modules/cjs/loader:1231:19)
[2025-03-03T04:48:51.781Z] [31MERROR[39M: uncaughtException: Cannot find module './routes/auth.routes.js'
Require stack:
- /app/app.js
- /app/server.js
Error: Cannot find module './routes/auth.routes.js'
Require stack:
- /app/app.js
- /app/server.js
    at Module._resolveFilename (node:internal/modules/cjs/loader:1140:15)
    at Module._load (node:internal/modules/cjs/loader:981:27)
    at Module.require (node:internal/modules/cjs/loader:1231:19)
    at require (node:internal/modules/helpers:177:18)
    at Object.<anonymous> (/app/app.js:11:20)
    at Module._compile (node:internal/modules/cjs/loader:1364:14)
    at Module._extensions..js (node:internal/modules/cjs/loader:1422:10)
    at Module.load (node:internal/modules/cjs/loader:1203:32)
    at Module._load (node:internal/modules/cjs/loader:1019:12)
    at Module.require (node:internal/modules/cjs/loader:1231:19)
[2025-03-03T04:50:55.872Z] [31MERROR[39M: uncaughtException: Cannot find module './routes/auth.routes.js'
Require stack:
- /app/app.js
- /app/server.js
Error: Cannot find module './routes/auth.routes.js'
Require stack:
- /app/app.js
- /app/server.js
    at Module._resolveFilename (node:internal/modules/cjs/loader:1140:15)
    at Module._load (node:internal/modules/cjs/loader:981:27)
    at Module.require (node:internal/modules/cjs/loader:1231:19)
    at require (node:internal/modules/helpers:177:18)
    at Object.<anonymous> (/app/app.js:11:20)
    at Module._compile (node:internal/modules/cjs/loader:1364:14)
    at Module._extensions..js (node:internal/modules/cjs/loader:1422:10)
    at Module.load (node:internal/modules/cjs/loader:1203:32)
    at Module._load (node:internal/modules/cjs/loader:1019:12)
    at Module.require (node:internal/modules/cjs/loader:1231:19)
[2025-03-03T04:51:53.428Z] [31MERROR[39M: uncaughtException: Cannot find module './modules/auth.routes.js'
Require stack:
- /app/app.js
- /app/server.js
Error: Cannot find module './modules/auth.routes.js'
Require stack:
- /app/app.js
- /app/server.js
    at Module._resolveFilename (node:internal/modules/cjs/loader:1140:15)
    at Module._load (node:internal/modules/cjs/loader:981:27)
    at Module.require (node:internal/modules/cjs/loader:1231:19)
    at require (node:internal/modules/helpers:177:18)
    at Object.<anonymous> (/app/app.js:11:20)
    at Module._compile (node:internal/modules/cjs/loader:1364:14)
    at Module._extensions..js (node:internal/modules/cjs/loader:1422:10)
    at Module.load (node:internal/modules/cjs/loader:1203:32)
    at Module._load (node:internal/modules/cjs/loader:1019:12)
    at Module.require (node:internal/modules/cjs/loader:1231:19)
[2025-03-03T04:52:09.825Z] [31MERROR[39M: uncaughtException: Cannot find module '../../controllers/auth.controller.js'
Require stack:
- /app/modules/auth/auth.routes.js
- /app/app.js
- /app/server.js
Error: Cannot find module '../../controllers/auth.controller.js'
Require stack:
- /app/modules/auth/auth.routes.js
- /app/app.js
- /app/server.js
    at Module._resolveFilename (node:internal/modules/cjs/loader:1140:15)
    at Module._load (node:internal/modules/cjs/loader:981:27)
    at Module.require (node:internal/modules/cjs/loader:1231:19)
    at require (node:internal/modules/helpers:177:18)
    at Object.<anonymous> (/app/modules/auth/auth.routes.js:7:5)
    at Module._compile (node:internal/modules/cjs/loader:1364:14)
    at Module._extensions..js (node:internal/modules/cjs/loader:1422:10)
    at Module.load (node:internal/modules/cjs/loader:1203:32)
    at Module._load (node:internal/modules/cjs/loader:1019:12)
    at Module.require (node:internal/modules/cjs/loader:1231:19)
[2025-03-03T04:52:15.333Z] [31MERROR[39M: uncaughtException: Cannot find module '../../controllers/auth.controller.js'
Require stack:
- /app/modules/auth/auth.routes.js
- /app/app.js
- /app/server.js
Error: Cannot find module '../../controllers/auth.controller.js'
Require stack:
- /app/modules/auth/auth.routes.js
- /app/app.js
- /app/server.js
    at Module._resolveFilename (node:internal/modules/cjs/loader:1140:15)
    at Module._load (node:internal/modules/cjs/loader:981:27)
    at Module.require (node:internal/modules/cjs/loader:1231:19)
    at require (node:internal/modules/helpers:177:18)
    at Object.<anonymous> (/app/modules/auth/auth.routes.js:7:5)
    at Module._compile (node:internal/modules/cjs/loader:1364:14)
    at Module._extensions..js (node:internal/modules/cjs/loader:1422:10)
    at Module.load (node:internal/modules/cjs/loader:1203:32)
    at Module._load (node:internal/modules/cjs/loader:1019:12)
    at Module.require (node:internal/modules/cjs/loader:1231:19)
[2025-03-03T04:52:20.355Z] [31MERROR[39M: uncaughtException: Cannot find module '../../controllers/auth.controller.js'
Require stack:
- /app/modules/auth/auth.routes.js
- /app/app.js
- /app/server.js
Error: Cannot find module '../../controllers/auth.controller.js'
Require stack:
- /app/modules/auth/auth.routes.js
- /app/app.js
- /app/server.js
    at Module._resolveFilename (node:internal/modules/cjs/loader:1140:15)
    at Module._load (node:internal/modules/cjs/loader:981:27)
    at Module.require (node:internal/modules/cjs/loader:1231:19)
    at require (node:internal/modules/helpers:177:18)
    at Object.<anonymous> (/app/modules/auth/auth.routes.js:7:5)
    at Module._compile (node:internal/modules/cjs/loader:1364:14)
    at Module._extensions..js (node:internal/modules/cjs/loader:1422:10)
    at Module.load (node:internal/modules/cjs/loader:1203:32)
    at Module._load (node:internal/modules/cjs/loader:1019:12)
    at Module.require (node:internal/modules/cjs/loader:1231:19)
[2025-03-03T04:52:24.472Z] [31MERROR[39M: uncaughtException: Cannot find module '../../controllers/auth.controller.js'
Require stack:
- /app/modules/auth/auth.routes.js
- /app/app.js
- /app/server.js
Error: Cannot find module '../../controllers/auth.controller.js'
Require stack:
- /app/modules/auth/auth.routes.js
- /app/app.js
- /app/server.js
    at Module._resolveFilename (node:internal/modules/cjs/loader:1140:15)
    at Module._load (node:internal/modules/cjs/loader:981:27)
    at Module.require (node:internal/modules/cjs/loader:1231:19)
    at require (node:internal/modules/helpers:177:18)
    at Object.<anonymous> (/app/modules/auth/auth.routes.js:7:5)
    at Module._compile (node:internal/modules/cjs/loader:1364:14)
    at Module._extensions..js (node:internal/modules/cjs/loader:1422:10)
    at Module.load (node:internal/modules/cjs/loader:1203:32)
    at Module._load (node:internal/modules/cjs/loader:1019:12)
    at Module.require (node:internal/modules/cjs/loader:1231:19)
[2025-03-03T04:52:28.652Z] [31MERROR[39M: uncaughtException: Cannot find module '../../controllers/auth.controller.js'
Require stack:
- /app/modules/auth/auth.routes.js
- /app/app.js
- /app/server.js
Error: Cannot find module '../../controllers/auth.controller.js'
Require stack:
- /app/modules/auth/auth.routes.js
- /app/app.js
- /app/server.js
    at Module._resolveFilename (node:internal/modules/cjs/loader:1140:15)
    at Module._load (node:internal/modules/cjs/loader:981:27)
    at Module.require (node:internal/modules/cjs/loader:1231:19)
    at require (node:internal/modules/helpers:177:18)
    at Object.<anonymous> (/app/modules/auth/auth.routes.js:7:5)
    at Module._compile (node:internal/modules/cjs/loader:1364:14)
    at Module._extensions..js (node:internal/modules/cjs/loader:1422:10)
    at Module.load (node:internal/modules/cjs/loader:1203:32)
    at Module._load (node:internal/modules/cjs/loader:1019:12)
    at Module.require (node:internal/modules/cjs/loader:1231:19)
[2025-03-03T04:52:31.754Z] [31MERROR[39M: uncaughtException: Cannot find module '../../controllers/auth.controller.js'
Require stack:
- /app/modules/auth/auth.routes.js
- /app/app.js
- /app/server.js
Error: Cannot find module '../../controllers/auth.controller.js'
Require stack:
- /app/modules/auth/auth.routes.js
- /app/app.js
- /app/server.js
    at Module._resolveFilename (node:internal/modules/cjs/loader:1140:15)
    at Module._load (node:internal/modules/cjs/loader:981:27)
    at Module.require (node:internal/modules/cjs/loader:1231:19)
    at require (node:internal/modules/helpers:177:18)
    at Object.<anonymous> (/app/modules/auth/auth.routes.js:7:5)
    at Module._compile (node:internal/modules/cjs/loader:1364:14)
    at Module._extensions..js (node:internal/modules/cjs/loader:1422:10)
    at Module.load (node:internal/modules/cjs/loader:1203:32)
    at Module._load (node:internal/modules/cjs/loader:1019:12)
    at Module.require (node:internal/modules/cjs/loader:1231:19)
[2025-03-03T04:52:41.689Z] [31MERROR[39M: uncaughtException: Cannot find module '../../controllers/auth.controller.js'
Require stack:
- /app/modules/auth/auth.routes.js
- /app/app.js
- /app/server.js
Error: Cannot find module '../../controllers/auth.controller.js'
Require stack:
- /app/modules/auth/auth.routes.js
- /app/app.js
- /app/server.js
    at Module._resolveFilename (node:internal/modules/cjs/loader:1140:15)
    at Module._load (node:internal/modules/cjs/loader:981:27)
    at Module.require (node:internal/modules/cjs/loader:1231:19)
    at require (node:internal/modules/helpers:177:18)
    at Object.<anonymous> (/app/modules/auth/auth.routes.js:7:5)
    at Module._compile (node:internal/modules/cjs/loader:1364:14)
    at Module._extensions..js (node:internal/modules/cjs/loader:1422:10)
    at Module.load (node:internal/modules/cjs/loader:1203:32)
    at Module._load (node:internal/modules/cjs/loader:1019:12)
    at Module.require (node:internal/modules/cjs/loader:1231:19)
[2025-03-03T04:52:44.841Z] [31MERROR[39M: uncaughtException: Cannot find module '../../controllers/auth.controller.js'
Require stack:
- /app/modules/auth/auth.routes.js
- /app/app.js
- /app/server.js
Error: Cannot find module '../../controllers/auth.controller.js'
Require stack:
- /app/modules/auth/auth.routes.js
- /app/app.js
- /app/server.js
    at Module._resolveFilename (node:internal/modules/cjs/loader:1140:15)
    at Module._load (node:internal/modules/cjs/loader:981:27)
    at Module.require (node:internal/modules/cjs/loader:1231:19)
    at require (node:internal/modules/helpers:177:18)
    at Object.<anonymous> (/app/modules/auth/auth.routes.js:7:5)
    at Module._compile (node:internal/modules/cjs/loader:1364:14)
    at Module._extensions..js (node:internal/modules/cjs/loader:1422:10)
    at Module.load (node:internal/modules/cjs/loader:1203:32)
    at Module._load (node:internal/modules/cjs/loader:1019:12)
    at Module.require (node:internal/modules/cjs/loader:1231:19)
[2025-03-03T04:53:12.963Z] [31MERROR[39M: uncaughtException: Cannot find module '../../controllers/auth.controller.js'
Require stack:
- /app/modules/auth/auth.routes.js
- /app/app.js
- /app/server.js
Error: Cannot find module '../../controllers/auth.controller.js'
Require stack:
- /app/modules/auth/auth.routes.js
- /app/app.js
- /app/server.js
    at Module._resolveFilename (node:internal/modules/cjs/loader:1140:15)
    at Module._load (node:internal/modules/cjs/loader:981:27)
    at Module.require (node:internal/modules/cjs/loader:1231:19)
    at require (node:internal/modules/helpers:177:18)
    at Object.<anonymous> (/app/modules/auth/auth.routes.js:11:5)
    at Module._compile (node:internal/modules/cjs/loader:1364:14)
    at Module._extensions..js (node:internal/modules/cjs/loader:1422:10)
    at Module.load (node:internal/modules/cjs/loader:1203:32)
    at Module._load (node:internal/modules/cjs/loader:1019:12)
    at Module.require (node:internal/modules/cjs/loader:1231:19)
[2025-03-03T04:53:14.974Z] [31MERROR[39M: uncaughtException: Cannot find module '../../controllers/auth.controller.js'
Require stack:
- /app/modules/auth/auth.routes.js
- /app/app.js
- /app/server.js
Error: Cannot find module '../../controllers/auth.controller.js'
Require stack:
- /app/modules/auth/auth.routes.js
- /app/app.js
- /app/server.js
    at Module._resolveFilename (node:internal/modules/cjs/loader:1140:15)
    at Module._load (node:internal/modules/cjs/loader:981:27)
    at Module.require (node:internal/modules/cjs/loader:1231:19)
    at require (node:internal/modules/helpers:177:18)
    at Object.<anonymous> (/app/modules/auth/auth.routes.js:11:5)
    at Module._compile (node:internal/modules/cjs/loader:1364:14)
    at Module._extensions..js (node:internal/modules/cjs/loader:1422:10)
    at Module.load (node:internal/modules/cjs/loader:1203:32)
    at Module._load (node:internal/modules/cjs/loader:1019:12)
    at Module.require (node:internal/modules/cjs/loader:1231:19)
[2025-03-03T04:53:32.219Z] [31MERROR[39M: uncaughtException: Identifier 'asyncHandler' has already been declared
/app/modules/auth/auth.controller.js:7
const asyncHandler = require("../../utils/asyncHandler");
      ^

SyntaxError: Identifier 'asyncHandler' has already been declared
    at internalCompileFunction (node:internal/vm:76:18)
    at wrapSafe (node:internal/modules/cjs/loader:1283:20)
    at Module._compile (node:internal/modules/cjs/loader:1328:27)
    at Module._extensions..js (node:internal/modules/cjs/loader:1422:10)
    at Module.load (node:internal/modules/cjs/loader:1203:32)
    at Module._load (node:internal/modules/cjs/loader:1019:12)
    at Module.require (node:internal/modules/cjs/loader:1231:19)
    at require (node:internal/modules/helpers:177:18)
    at Object.<anonymous> (/app/modules/auth/auth.routes.js:11:5)
    at Module._compile (node:internal/modules/cjs/loader:1364:14)
[2025-03-03T04:53:43.113Z] [31MERROR[39M: uncaughtException: Identifier 'asyncHandler' has already been declared
/app/modules/auth/auth.controller.js:7
const asyncHandler = require("../../utils/asyncHandler");
      ^

SyntaxError: Identifier 'asyncHandler' has already been declared
    at internalCompileFunction (node:internal/vm:76:18)
    at wrapSafe (node:internal/modules/cjs/loader:1283:20)
    at Module._compile (node:internal/modules/cjs/loader:1328:27)
    at Module._extensions..js (node:internal/modules/cjs/loader:1422:10)
    at Module.load (node:internal/modules/cjs/loader:1203:32)
    at Module._load (node:internal/modules/cjs/loader:1019:12)
    at Module.require (node:internal/modules/cjs/loader:1231:19)
    at require (node:internal/modules/helpers:177:18)
    at Object.<anonymous> (/app/modules/auth/auth.routes.js:11:5)
    at Module._compile (node:internal/modules/cjs/loader:1364:14)
[2025-03-03T04:53:59.315Z] [31MERROR[39M: uncaughtException: Identifier 'cookieOptions' has already been declared
/app/modules/auth/auth.controller.js:7
const cookieOptions = require("../../constants/cookieOptions");
      ^

SyntaxError: Identifier 'cookieOptions' has already been declared
    at internalCompileFunction (node:internal/vm:76:18)
    at wrapSafe (node:internal/modules/cjs/loader:1283:20)
    at Module._compile (node:internal/modules/cjs/loader:1328:27)
    at Module._extensions..js (node:internal/modules/cjs/loader:1422:10)
    at Module.load (node:internal/modules/cjs/loader:1203:32)
    at Module._load (node:internal/modules/cjs/loader:1019:12)
    at Module.require (node:internal/modules/cjs/loader:1231:19)
    at require (node:internal/modules/helpers:177:18)
    at Object.<anonymous> (/app/modules/auth/auth.routes.js:11:5)
    at Module._compile (node:internal/modules/cjs/loader:1364:14)
[2025-03-03T04:54:02.131Z] [31MERROR[39M: uncaughtException: Cannot find module '../models/user.model'
Require stack:
- /app/modules/auth/auth.controller.js
- /app/modules/auth/auth.routes.js
- /app/app.js
- /app/server.js
Error: Cannot find module '../models/user.model'
Require stack:
- /app/modules/auth/auth.controller.js
- /app/modules/auth/auth.routes.js
- /app/app.js
- /app/server.js
    at Module._resolveFilename (node:internal/modules/cjs/loader:1140:15)
    at Module._load (node:internal/modules/cjs/loader:981:27)
    at Module.require (node:internal/modules/cjs/loader:1231:19)
    at require (node:internal/modules/helpers:177:18)
    at Object.<anonymous> (/app/modules/auth/auth.controller.js:2:14)
    at Module._compile (node:internal/modules/cjs/loader:1364:14)
    at Module._extensions..js (node:internal/modules/cjs/loader:1422:10)
    at Module.load (node:internal/modules/cjs/loader:1203:32)
    at Module._load (node:internal/modules/cjs/loader:1019:12)
    at Module.require (node:internal/modules/cjs/loader:1231:19)
[2025-03-03T04:54:27.085Z] [31MERROR[39M: uncaughtException: Cannot find module './booking.model'
Require stack:
- /app/modules/users/user.model.js
- /app/modules/auth/auth.controller.js
- /app/modules/auth/auth.routes.js
- /app/app.js
- /app/server.js
Error: Cannot find module './booking.model'
Require stack:
- /app/modules/users/user.model.js
- /app/modules/auth/auth.controller.js
- /app/modules/auth/auth.routes.js
- /app/app.js
- /app/server.js
    at Module._resolveFilename (node:internal/modules/cjs/loader:1140:15)
    at Module._load (node:internal/modules/cjs/loader:981:27)
    at Module.require (node:internal/modules/cjs/loader:1231:19)
    at require (node:internal/modules/helpers:177:18)
    at Object.<anonymous> (/app/modules/users/user.model.js:4:17)
    at Module._compile (node:internal/modules/cjs/loader:1364:14)
    at Module._extensions..js (node:internal/modules/cjs/loader:1422:10)
    at Module.load (node:internal/modules/cjs/loader:1203:32)
    at Module._load (node:internal/modules/cjs/loader:1019:12)
    at Module.require (node:internal/modules/cjs/loader:1231:19)
[2025-03-03T04:54:39.236Z] [31MERROR[39M: uncaughtException: Cannot find module './booking.model'
Require stack:
- /app/modules/users/user.model.js
- /app/modules/auth/auth.controller.js
- /app/modules/auth/auth.routes.js
- /app/app.js
- /app/server.js
Error: Cannot find module './booking.model'
Require stack:
- /app/modules/users/user.model.js
- /app/modules/auth/auth.controller.js
- /app/modules/auth/auth.routes.js
- /app/app.js
- /app/server.js
    at Module._resolveFilename (node:internal/modules/cjs/loader:1140:15)
    at Module._load (node:internal/modules/cjs/loader:981:27)
    at Module.require (node:internal/modules/cjs/loader:1231:19)
    at require (node:internal/modules/helpers:177:18)
    at Object.<anonymous> (/app/modules/users/user.model.js:4:17)
    at Module._compile (node:internal/modules/cjs/loader:1364:14)
    at Module._extensions..js (node:internal/modules/cjs/loader:1422:10)
    at Module.load (node:internal/modules/cjs/loader:1203:32)
    at Module._load (node:internal/modules/cjs/loader:1019:12)
    at Module.require (node:internal/modules/cjs/loader:1231:19)
[2025-03-03T04:55:23.197Z] [31MERROR[39M: uncaughtException: Cannot find module './booking.model'
Require stack:
- /app/modules/users/user.model.js
- /app/modules/auth/auth.controller.js
- /app/modules/auth/auth.routes.js
- /app/app.js
- /app/server.js
Error: Cannot find module './booking.model'
Require stack:
- /app/modules/users/user.model.js
- /app/modules/auth/auth.controller.js
- /app/modules/auth/auth.routes.js
- /app/app.js
- /app/server.js
    at Module._resolveFilename (node:internal/modules/cjs/loader:1140:15)
    at Module._load (node:internal/modules/cjs/loader:981:27)
    at Module.require (node:internal/modules/cjs/loader:1231:19)
    at require (node:internal/modules/helpers:177:18)
    at Object.<anonymous> (/app/modules/users/user.model.js:4:17)
    at Module._compile (node:internal/modules/cjs/loader:1364:14)
    at Module._extensions..js (node:internal/modules/cjs/loader:1422:10)
    at Module.load (node:internal/modules/cjs/loader:1203:32)
    at Module._load (node:internal/modules/cjs/loader:1019:12)
    at Module.require (node:internal/modules/cjs/loader:1231:19)
[2025-03-03T04:55:34.513Z] [31MERROR[39M: uncaughtException: Cannot find module './booking.model'
Require stack:
- /app/modules/users/user.model.js
- /app/modules/auth/auth.controller.js
- /app/modules/auth/auth.routes.js
- /app/app.js
- /app/server.js
Error: Cannot find module './booking.model'
Require stack:
- /app/modules/users/user.model.js
- /app/modules/auth/auth.controller.js
- /app/modules/auth/auth.routes.js
- /app/app.js
- /app/server.js
    at Module._resolveFilename (node:internal/modules/cjs/loader:1140:15)
    at Module._load (node:internal/modules/cjs/loader:981:27)
    at Module.require (node:internal/modules/cjs/loader:1231:19)
    at require (node:internal/modules/helpers:177:18)
    at Object.<anonymous> (/app/modules/users/user.model.js:4:17)
    at Module._compile (node:internal/modules/cjs/loader:1364:14)
    at Module._extensions..js (node:internal/modules/cjs/loader:1422:10)
    at Module.load (node:internal/modules/cjs/loader:1203:32)
    at Module._load (node:internal/modules/cjs/loader:1019:12)
    at Module.require (node:internal/modules/cjs/loader:1231:19)
[2025-03-03T04:55:42.973Z] [31MERROR[39M: uncaughtException: Cannot find module './booking.model'
Require stack:
- /app/modules/users/user.model.js
- /app/modules/auth/auth.controller.js
- /app/modules/auth/auth.routes.js
- /app/app.js
- /app/server.js
Error: Cannot find module './booking.model'
Require stack:
- /app/modules/users/user.model.js
- /app/modules/auth/auth.controller.js
- /app/modules/auth/auth.routes.js
- /app/app.js
- /app/server.js
    at Module._resolveFilename (node:internal/modules/cjs/loader:1140:15)
    at Module._load (node:internal/modules/cjs/loader:981:27)
    at Module.require (node:internal/modules/cjs/loader:1231:19)
    at require (node:internal/modules/helpers:177:18)
    at Object.<anonymous> (/app/modules/users/user.model.js:4:17)
    at Module._compile (node:internal/modules/cjs/loader:1364:14)
    at Module._extensions..js (node:internal/modules/cjs/loader:1422:10)
    at Module.load (node:internal/modules/cjs/loader:1203:32)
    at Module._load (node:internal/modules/cjs/loader:1019:12)
    at Module.require (node:internal/modules/cjs/loader:1231:19)
[2025-03-03T04:56:01.946Z] [31MERROR[39M: uncaughtException: Cannot find module '../models/user.model'
Require stack:
- /app/modules/auth/auth.service.js
- /app/modules/auth/auth.controller.js
- /app/modules/auth/auth.routes.js
- /app/app.js
- /app/server.js
Error: Cannot find module '../models/user.model'
Require stack:
- /app/modules/auth/auth.service.js
- /app/modules/auth/auth.controller.js
- /app/modules/auth/auth.routes.js
- /app/app.js
- /app/server.js
    at Module._resolveFilename (node:internal/modules/cjs/loader:1140:15)
    at Module._load (node:internal/modules/cjs/loader:981:27)
    at Module.require (node:internal/modules/cjs/loader:1231:19)
    at require (node:internal/modules/helpers:177:18)
    at Object.<anonymous> (/app/modules/auth/auth.service.js:3:14)
    at Module._compile (node:internal/modules/cjs/loader:1364:14)
    at Module._extensions..js (node:internal/modules/cjs/loader:1422:10)
    at Module.load (node:internal/modules/cjs/loader:1203:32)
    at Module._load (node:internal/modules/cjs/loader:1019:12)
    at Module.require (node:internal/modules/cjs/loader:1231:19)
[2025-03-03T04:56:28.113Z] [31MERROR[39M: uncaughtException: Route.post() requires a callback function but got a [object Undefined]
Error: Route.post() requires a callback function but got a [object Undefined]
    at Route.<computed> [as post] (/app/node_modules/express/lib/router/route.js:216:15)
    at proto.<computed> [as post] (/app/node_modules/express/lib/router/index.js:521:19)
    at Object.<anonymous> (/app/modules/auth/auth.routes.js:24:8)
    at Module._compile (node:internal/modules/cjs/loader:1364:14)
    at Module._extensions..js (node:internal/modules/cjs/loader:1422:10)
    at Module.load (node:internal/modules/cjs/loader:1203:32)
    at Module._load (node:internal/modules/cjs/loader:1019:12)
    at Module.require (node:internal/modules/cjs/loader:1231:19)
    at require (node:internal/modules/helpers:177:18)
    at Object.<anonymous> (/app/app.js:11:20)
[2025-03-03T04:57:29.005Z] [31MERROR[39M: uncaughtException: Route.post() requires a callback function but got a [object Undefined]
Error: Route.post() requires a callback function but got a [object Undefined]
    at Route.<computed> [as post] (/app/node_modules/express/lib/router/route.js:216:15)
    at proto.<computed> [as post] (/app/node_modules/express/lib/router/index.js:521:19)
    at Object.<anonymous> (/app/modules/auth/auth.routes.js:24:8)
    at Module._compile (node:internal/modules/cjs/loader:1364:14)
    at Module._extensions..js (node:internal/modules/cjs/loader:1422:10)
    at Module.load (node:internal/modules/cjs/loader:1203:32)
    at Module._load (node:internal/modules/cjs/loader:1019:12)
    at Module.require (node:internal/modules/cjs/loader:1231:19)
    at require (node:internal/modules/helpers:177:18)
    at Object.<anonymous> (/app/app.js:11:20)
[2025-03-03T04:57:44.038Z] [31MERROR[39M: uncaughtException: Route.post() requires a callback function but got a [object Undefined]
Error: Route.post() requires a callback function but got a [object Undefined]
    at Route.<computed> [as post] (/app/node_modules/express/lib/router/route.js:216:15)
    at proto.<computed> [as post] (/app/node_modules/express/lib/router/index.js:521:19)
    at Object.<anonymous> (/app/modules/auth/auth.routes.js:24:8)
    at Module._compile (node:internal/modules/cjs/loader:1364:14)
    at Module._extensions..js (node:internal/modules/cjs/loader:1422:10)
    at Module.load (node:internal/modules/cjs/loader:1203:32)
    at Module._load (node:internal/modules/cjs/loader:1019:12)
    at Module.require (node:internal/modules/cjs/loader:1231:19)
    at require (node:internal/modules/helpers:177:18)
    at Object.<anonymous> (/app/app.js:11:20)
[2025-03-03T16:32:55.470Z] [31MERROR[39M: uncaughtException: Route.post() requires a callback function but got a [object Undefined]
Error: Route.post() requires a callback function but got a [object Undefined]
    at Route.<computed> [as post] (/app/node_modules/express/lib/router/route.js:216:15)
    at proto.<computed> [as post] (/app/node_modules/express/lib/router/index.js:521:19)
    at Object.<anonymous> (/app/modules/auth/auth.routes.js:24:8)
    at Module._compile (node:internal/modules/cjs/loader:1364:14)
    at Module._extensions..js (node:internal/modules/cjs/loader:1422:10)
    at Module.load (node:internal/modules/cjs/loader:1203:32)
    at Module._load (node:internal/modules/cjs/loader:1019:12)
    at Module.require (node:internal/modules/cjs/loader:1231:19)
    at require (node:internal/modules/helpers:177:18)
    at Object.<anonymous> (/app/app.js:11:20)
[2025-03-03T16:33:37.117Z] [31MERROR[39M: uncaughtException: app.use() requires a middleware function
TypeError: app.use() requires a middleware function
    at Function.use (/app/node_modules/express/lib/application.js:217:11)
    at Object.<anonymous> (/app/app.js:65:5)
    at Module._compile (node:internal/modules/cjs/loader:1364:14)
    at Module._extensions..js (node:internal/modules/cjs/loader:1422:10)
    at Module.load (node:internal/modules/cjs/loader:1203:32)
    at Module._load (node:internal/modules/cjs/loader:1019:12)
    at Module.require (node:internal/modules/cjs/loader:1231:19)
    at require (node:internal/modules/helpers:177:18)
    at Object.<anonymous> (/app/server.js:5:13)
    at Module._compile (node:internal/modules/cjs/loader:1364:14)
[2025-03-03T16:33:54.965Z] [31MERROR[39M: uncaughtException: app.use() requires a middleware function
TypeError: app.use() requires a middleware function
    at Function.use (/app/node_modules/express/lib/application.js:217:11)
    at Object.<anonymous> (/app/app.js:65:5)
    at Module._compile (node:internal/modules/cjs/loader:1364:14)
    at Module._extensions..js (node:internal/modules/cjs/loader:1422:10)
    at Module.load (node:internal/modules/cjs/loader:1203:32)
    at Module._load (node:internal/modules/cjs/loader:1019:12)
    at Module.require (node:internal/modules/cjs/loader:1231:19)
    at require (node:internal/modules/helpers:177:18)
    at Object.<anonymous> (/app/server.js:5:13)
    at Module._compile (node:internal/modules/cjs/loader:1364:14)
[2025-03-03T16:34:16.117Z] [31MERROR[39M: uncaughtException: app.use() requires a middleware function
TypeError: app.use() requires a middleware function
    at Function.use (/app/node_modules/express/lib/application.js:217:11)
    at Object.<anonymous> (/app/app.js:65:5)
    at Module._compile (node:internal/modules/cjs/loader:1364:14)
    at Module._extensions..js (node:internal/modules/cjs/loader:1422:10)
    at Module.load (node:internal/modules/cjs/loader:1203:32)
    at Module._load (node:internal/modules/cjs/loader:1019:12)
    at Module.require (node:internal/modules/cjs/loader:1231:19)
    at require (node:internal/modules/helpers:177:18)
    at Object.<anonymous> (/app/server.js:5:13)
    at Module._compile (node:internal/modules/cjs/loader:1364:14)
[2025-03-03T16:35:03.732Z] [31MERROR[39M: uncaughtException: Cannot find module '../models/message.model'
Require stack:
- /app/lib/socket.js
- /app/server.js
Error: Cannot find module '../models/message.model'
Require stack:
- /app/lib/socket.js
- /app/server.js
    at Module._resolveFilename (node:internal/modules/cjs/loader:1140:15)
    at Module._load (node:internal/modules/cjs/loader:981:27)
    at Module.require (node:internal/modules/cjs/loader:1231:19)
    at require (node:internal/modules/helpers:177:18)
    at Object.<anonymous> (/app/lib/socket.js:2:17)
    at Module._compile (node:internal/modules/cjs/loader:1364:14)
    at Module._extensions..js (node:internal/modules/cjs/loader:1422:10)
    at Module.load (node:internal/modules/cjs/loader:1203:32)
    at Module._load (node:internal/modules/cjs/loader:1019:12)
    at Module.require (node:internal/modules/cjs/loader:1231:19)
[2025-03-03T16:35:35.111Z] [31MERROR[39M: uncaughtException: Cannot find module '../models/message.model'
Require stack:
- /app/lib/socket.js
- /app/server.js
Error: Cannot find module '../models/message.model'
Require stack:
- /app/lib/socket.js
- /app/server.js
    at Module._resolveFilename (node:internal/modules/cjs/loader:1140:15)
    at Module._load (node:internal/modules/cjs/loader:981:27)
    at Module.require (node:internal/modules/cjs/loader:1231:19)
    at require (node:internal/modules/helpers:177:18)
    at Object.<anonymous> (/app/lib/socket.js:2:17)
    at Module._compile (node:internal/modules/cjs/loader:1364:14)
    at Module._extensions..js (node:internal/modules/cjs/loader:1422:10)
    at Module.load (node:internal/modules/cjs/loader:1203:32)
    at Module._load (node:internal/modules/cjs/loader:1019:12)
    at Module.require (node:internal/modules/cjs/loader:1231:19)
[2025-03-03T16:35:54.010Z] [31MERROR[39M: uncaughtException: Route.post() requires a callback function but got a [object Undefined]
Error: Route.post() requires a callback function but got a [object Undefined]
    at Route.<computed> [as post] (/app/node_modules/express/lib/router/route.js:216:15)
    at proto.<computed> [as post] (/app/node_modules/express/lib/router/index.js:521:19)
    at Object.<anonymous> (/app/modules/auth/auth.routes.js:24:8)
    at Module._compile (node:internal/modules/cjs/loader:1364:14)
    at Module._extensions..js (node:internal/modules/cjs/loader:1422:10)
    at Module.load (node:internal/modules/cjs/loader:1203:32)
    at Module._load (node:internal/modules/cjs/loader:1019:12)
    at Module.require (node:internal/modules/cjs/loader:1231:19)
    at require (node:internal/modules/helpers:177:18)
    at Object.<anonymous> (/app/app.js:11:20)
[2025-03-03T16:36:44.562Z] [31MERROR[39M: uncaughtException: Route.post() requires a callback function but got a [object Undefined]
Error: Route.post() requires a callback function but got a [object Undefined]
    at Route.<computed> [as post] (/app/node_modules/express/lib/router/route.js:216:15)
    at proto.<computed> [as post] (/app/node_modules/express/lib/router/index.js:521:19)
    at Object.<anonymous> (/app/modules/auth/auth.routes.js:21:8)
    at Module._compile (node:internal/modules/cjs/loader:1364:14)
    at Module._extensions..js (node:internal/modules/cjs/loader:1422:10)
    at Module.load (node:internal/modules/cjs/loader:1203:32)
    at Module._load (node:internal/modules/cjs/loader:1019:12)
    at Module.require (node:internal/modules/cjs/loader:1231:19)
    at require (node:internal/modules/helpers:177:18)
    at Object.<anonymous> (/app/app.js:11:20)
[2025-03-03T16:36:49.412Z] [31MERROR[39M: uncaughtException: Route.post() requires a callback function but got a [object Undefined]
Error: Route.post() requires a callback function but got a [object Undefined]
    at Route.<computed> [as post] (/app/node_modules/express/lib/router/route.js:216:15)
    at proto.<computed> [as post] (/app/node_modules/express/lib/router/index.js:521:19)
    at Object.<anonymous> (/app/modules/auth/auth.routes.js:24:8)
    at Module._compile (node:internal/modules/cjs/loader:1364:14)
    at Module._extensions..js (node:internal/modules/cjs/loader:1422:10)
    at Module.load (node:internal/modules/cjs/loader:1203:32)
    at Module._load (node:internal/modules/cjs/loader:1019:12)
    at Module.require (node:internal/modules/cjs/loader:1231:19)
    at require (node:internal/modules/helpers:177:18)
    at Object.<anonymous> (/app/app.js:11:20)
[2025-03-03T16:38:04.345Z] [31MERROR[39M: uncaughtException: verfiyEmail is not defined
ReferenceError: verfiyEmail is not defined
    at Object.<anonymous> (/app/modules/auth/auth.routes.js:24:30)
    at Module._compile (node:internal/modules/cjs/loader:1364:14)
    at Module._extensions..js (node:internal/modules/cjs/loader:1422:10)
    at Module.load (node:internal/modules/cjs/loader:1203:32)
    at Module._load (node:internal/modules/cjs/loader:1019:12)
    at Module.require (node:internal/modules/cjs/loader:1231:19)
    at require (node:internal/modules/helpers:177:18)
    at Object.<anonymous> (/app/app.js:11:20)
    at Module._compile (node:internal/modules/cjs/loader:1364:14)
    at Module._extensions..js (node:internal/modules/cjs/loader:1422:10)
[2025-03-03T16:38:24.018Z] [31MERROR[39M: uncaughtException: Cannot find module '../../controllers/user.controller.js'
Require stack:
- /app/modules/users/user.routes.js
- /app/app.js
- /app/server.js
Error: Cannot find module '../../controllers/user.controller.js'
Require stack:
- /app/modules/users/user.routes.js
- /app/app.js
- /app/server.js
    at Module._resolveFilename (node:internal/modules/cjs/loader:1140:15)
    at Module._load (node:internal/modules/cjs/loader:981:27)
    at Module.require (node:internal/modules/cjs/loader:1231:19)
    at require (node:internal/modules/helpers:177:18)
    at Object.<anonymous> (/app/modules/users/user.routes.js:7:5)
    at Module._compile (node:internal/modules/cjs/loader:1364:14)
    at Module._extensions..js (node:internal/modules/cjs/loader:1422:10)
    at Module.load (node:internal/modules/cjs/loader:1203:32)
    at Module._load (node:internal/modules/cjs/loader:1019:12)
    at Module.require (node:internal/modules/cjs/loader:1231:19)
[2025-03-03T16:38:51.129Z] [31MERROR[39M: uncaughtException: Cannot find module '../../controllers/user.controller.js'
Require stack:
- /app/modules/users/user.routes.js
- /app/app.js
- /app/server.js
Error: Cannot find module '../../controllers/user.controller.js'
Require stack:
- /app/modules/users/user.routes.js
- /app/app.js
- /app/server.js
    at Module._resolveFilename (node:internal/modules/cjs/loader:1140:15)
    at Module._load (node:internal/modules/cjs/loader:981:27)
    at Module.require (node:internal/modules/cjs/loader:1231:19)
    at require (node:internal/modules/helpers:177:18)
    at Object.<anonymous> (/app/modules/users/user.routes.js:7:5)
    at Module._compile (node:internal/modules/cjs/loader:1364:14)
    at Module._extensions..js (node:internal/modules/cjs/loader:1422:10)
    at Module.load (node:internal/modules/cjs/loader:1203:32)
    at Module._load (node:internal/modules/cjs/loader:1019:12)
    at Module.require (node:internal/modules/cjs/loader:1231:19)
[2025-03-03T16:39:12.221Z] [31MERROR[39M: uncaughtException: Cannot find module '../../controllers/user.controller.js'
Require stack:
- /app/modules/users/user.routes.js
- /app/app.js
- /app/server.js
Error: Cannot find module '../../controllers/user.controller.js'
Require stack:
- /app/modules/users/user.routes.js
- /app/app.js
- /app/server.js
    at Module._resolveFilename (node:internal/modules/cjs/loader:1140:15)
    at Module._load (node:internal/modules/cjs/loader:981:27)
    at Module.require (node:internal/modules/cjs/loader:1231:19)
    at require (node:internal/modules/helpers:177:18)
    at Object.<anonymous> (/app/modules/users/user.routes.js:7:5)
    at Module._compile (node:internal/modules/cjs/loader:1364:14)
    at Module._extensions..js (node:internal/modules/cjs/loader:1422:10)
    at Module.load (node:internal/modules/cjs/loader:1203:32)
    at Module._load (node:internal/modules/cjs/loader:1019:12)
    at Module.require (node:internal/modules/cjs/loader:1231:19)
[2025-03-03T16:39:19.375Z] [31MERROR[39M: uncaughtException: Cannot find module '../../controllers/user.controller.js'
Require stack:
- /app/modules/users/user.routes.js
- /app/app.js
- /app/server.js
Error: Cannot find module '../../controllers/user.controller.js'
Require stack:
- /app/modules/users/user.routes.js
- /app/app.js
- /app/server.js
    at Module._resolveFilename (node:internal/modules/cjs/loader:1140:15)
    at Module._load (node:internal/modules/cjs/loader:981:27)
    at Module.require (node:internal/modules/cjs/loader:1231:19)
    at require (node:internal/modules/helpers:177:18)
    at Object.<anonymous> (/app/modules/users/user.routes.js:7:5)
    at Module._compile (node:internal/modules/cjs/loader:1364:14)
    at Module._extensions..js (node:internal/modules/cjs/loader:1422:10)
    at Module.load (node:internal/modules/cjs/loader:1203:32)
    at Module._load (node:internal/modules/cjs/loader:1019:12)
    at Module.require (node:internal/modules/cjs/loader:1231:19)
[2025-03-03T16:39:27.741Z] [31MERROR[39M: uncaughtException: Cannot find module '../../controllers/user.controller.js'
Require stack:
- /app/modules/users/user.routes.js
- /app/app.js
- /app/server.js
Error: Cannot find module '../../controllers/user.controller.js'
Require stack:
- /app/modules/users/user.routes.js
- /app/app.js
- /app/server.js
    at Module._resolveFilename (node:internal/modules/cjs/loader:1140:15)
    at Module._load (node:internal/modules/cjs/loader:981:27)
    at Module.require (node:internal/modules/cjs/loader:1231:19)
    at require (node:internal/modules/helpers:177:18)
    at Object.<anonymous> (/app/modules/users/user.routes.js:7:5)
    at Module._compile (node:internal/modules/cjs/loader:1364:14)
    at Module._extensions..js (node:internal/modules/cjs/loader:1422:10)
    at Module.load (node:internal/modules/cjs/loader:1203:32)
    at Module._load (node:internal/modules/cjs/loader:1019:12)
    at Module.require (node:internal/modules/cjs/loader:1231:19)
[2025-03-03T16:39:41.715Z] [31MERROR[39M: uncaughtException: Cannot find module '../../controllers/user.controller.js'
Require stack:
- /app/modules/users/user.routes.js
- /app/app.js
- /app/server.js
Error: Cannot find module '../../controllers/user.controller.js'
Require stack:
- /app/modules/users/user.routes.js
- /app/app.js
- /app/server.js
    at Module._resolveFilename (node:internal/modules/cjs/loader:1140:15)
    at Module._load (node:internal/modules/cjs/loader:981:27)
    at Module.require (node:internal/modules/cjs/loader:1231:19)
    at require (node:internal/modules/helpers:177:18)
    at Object.<anonymous> (/app/modules/users/user.routes.js:7:5)
    at Module._compile (node:internal/modules/cjs/loader:1364:14)
    at Module._extensions..js (node:internal/modules/cjs/loader:1422:10)
    at Module.load (node:internal/modules/cjs/loader:1203:32)
    at Module._load (node:internal/modules/cjs/loader:1019:12)
    at Module.require (node:internal/modules/cjs/loader:1231:19)
[2025-03-03T16:39:46.243Z] [31MERROR[39M: uncaughtException: Cannot find module '../../controllers/user.controller.js'
Require stack:
- /app/modules/users/user.routes.js
- /app/app.js
- /app/server.js
Error: Cannot find module '../../controllers/user.controller.js'
Require stack:
- /app/modules/users/user.routes.js
- /app/app.js
- /app/server.js
    at Module._resolveFilename (node:internal/modules/cjs/loader:1140:15)
    at Module._load (node:internal/modules/cjs/loader:981:27)
    at Module.require (node:internal/modules/cjs/loader:1231:19)
    at require (node:internal/modules/helpers:177:18)
    at Object.<anonymous> (/app/modules/users/user.routes.js:7:5)
    at Module._compile (node:internal/modules/cjs/loader:1364:14)
    at Module._extensions..js (node:internal/modules/cjs/loader:1422:10)
    at Module.load (node:internal/modules/cjs/loader:1203:32)
    at Module._load (node:internal/modules/cjs/loader:1019:12)
    at Module.require (node:internal/modules/cjs/loader:1231:19)
[2025-03-03T16:40:35.565Z] [31MERROR[39M: uncaughtException: Cannot find module '../models/user.model'
Require stack:
- /app/modules/users/user.controller.js
- /app/modules/users/user.routes.js
- /app/app.js
- /app/server.js
Error: Cannot find module '../models/user.model'
Require stack:
- /app/modules/users/user.controller.js
- /app/modules/users/user.routes.js
- /app/app.js
- /app/server.js
    at Module._resolveFilename (node:internal/modules/cjs/loader:1140:15)
    at Module._load (node:internal/modules/cjs/loader:981:27)
    at Module.require (node:internal/modules/cjs/loader:1231:19)
    at require (node:internal/modules/helpers:177:18)
    at Object.<anonymous> (/app/modules/users/user.controller.js:1:14)
    at Module._compile (node:internal/modules/cjs/loader:1364:14)
    at Module._extensions..js (node:internal/modules/cjs/loader:1422:10)
    at Module.load (node:internal/modules/cjs/loader:1203:32)
    at Module._load (node:internal/modules/cjs/loader:1019:12)
    at Module.require (node:internal/modules/cjs/loader:1231:19)
[2025-03-03T16:41:03.025Z] [31MERROR[39M: uncaughtException: Cannot find module '../../controllers/driver.controller.js'
Require stack:
- /app/modules/drivers/driver.routes.js
- /app/app.js
- /app/server.js
Error: Cannot find module '../../controllers/driver.controller.js'
Require stack:
- /app/modules/drivers/driver.routes.js
- /app/app.js
- /app/server.js
    at Module._resolveFilename (node:internal/modules/cjs/loader:1140:15)
    at Module._load (node:internal/modules/cjs/loader:981:27)
    at Module.require (node:internal/modules/cjs/loader:1231:19)
    at require (node:internal/modules/helpers:177:18)
    at Object.<anonymous> (/app/modules/drivers/driver.routes.js:5:5)
    at Module._compile (node:internal/modules/cjs/loader:1364:14)
    at Module._extensions..js (node:internal/modules/cjs/loader:1422:10)
    at Module.load (node:internal/modules/cjs/loader:1203:32)
    at Module._load (node:internal/modules/cjs/loader:1019:12)
    at Module.require (node:internal/modules/cjs/loader:1231:19)
[2025-03-03T16:41:37.296Z] [31MERROR[39M: uncaughtException: Cannot find module '../../controllers/driver.controller.js'
Require stack:
- /app/modules/drivers/driver.routes.js
- /app/app.js
- /app/server.js
Error: Cannot find module '../../controllers/driver.controller.js'
Require stack:
- /app/modules/drivers/driver.routes.js
- /app/app.js
- /app/server.js
    at Module._resolveFilename (node:internal/modules/cjs/loader:1140:15)
    at Module._load (node:internal/modules/cjs/loader:981:27)
    at Module.require (node:internal/modules/cjs/loader:1231:19)
    at require (node:internal/modules/helpers:177:18)
    at Object.<anonymous> (/app/modules/drivers/driver.routes.js:5:5)
    at Module._compile (node:internal/modules/cjs/loader:1364:14)
    at Module._extensions..js (node:internal/modules/cjs/loader:1422:10)
    at Module.load (node:internal/modules/cjs/loader:1203:32)
    at Module._load (node:internal/modules/cjs/loader:1019:12)
    at Module.require (node:internal/modules/cjs/loader:1231:19)
[2025-03-03T16:41:49.636Z] [31MERROR[39M: uncaughtException: Cannot find module '../../controllers/driver.controller.js'
Require stack:
- /app/modules/drivers/driver.routes.js
- /app/app.js
- /app/server.js
Error: Cannot find module '../../controllers/driver.controller.js'
Require stack:
- /app/modules/drivers/driver.routes.js
- /app/app.js
- /app/server.js
    at Module._resolveFilename (node:internal/modules/cjs/loader:1140:15)
    at Module._load (node:internal/modules/cjs/loader:981:27)
    at Module.require (node:internal/modules/cjs/loader:1231:19)
    at require (node:internal/modules/helpers:177:18)
    at Object.<anonymous> (/app/modules/drivers/driver.routes.js:5:5)
    at Module._compile (node:internal/modules/cjs/loader:1364:14)
    at Module._extensions..js (node:internal/modules/cjs/loader:1422:10)
    at Module.load (node:internal/modules/cjs/loader:1203:32)
    at Module._load (node:internal/modules/cjs/loader:1019:12)
    at Module.require (node:internal/modules/cjs/loader:1231:19)
[2025-03-03T16:41:56.864Z] [31MERROR[39M: uncaughtException: Cannot find module '../../controllers/driver.controller.js'
Require stack:
- /app/modules/drivers/driver.routes.js
- /app/app.js
- /app/server.js
Error: Cannot find module '../../controllers/driver.controller.js'
Require stack:
- /app/modules/drivers/driver.routes.js
- /app/app.js
- /app/server.js
    at Module._resolveFilename (node:internal/modules/cjs/loader:1140:15)
    at Module._load (node:internal/modules/cjs/loader:981:27)
    at Module.require (node:internal/modules/cjs/loader:1231:19)
    at require (node:internal/modules/helpers:177:18)
    at Object.<anonymous> (/app/modules/drivers/driver.routes.js:5:5)
    at Module._compile (node:internal/modules/cjs/loader:1364:14)
    at Module._extensions..js (node:internal/modules/cjs/loader:1422:10)
    at Module.load (node:internal/modules/cjs/loader:1203:32)
    at Module._load (node:internal/modules/cjs/loader:1019:12)
    at Module.require (node:internal/modules/cjs/loader:1231:19)
[2025-03-03T16:42:01.923Z] [31MERROR[39M: uncaughtException: Cannot find module '../../controllers/driver.controller.js'
Require stack:
- /app/modules/drivers/driver.routes.js
- /app/app.js
- /app/server.js
Error: Cannot find module '../../controllers/driver.controller.js'
Require stack:
- /app/modules/drivers/driver.routes.js
- /app/app.js
- /app/server.js
    at Module._resolveFilename (node:internal/modules/cjs/loader:1140:15)
    at Module._load (node:internal/modules/cjs/loader:981:27)
    at Module.require (node:internal/modules/cjs/loader:1231:19)
    at require (node:internal/modules/helpers:177:18)
    at Object.<anonymous> (/app/modules/drivers/driver.routes.js:5:5)
    at Module._compile (node:internal/modules/cjs/loader:1364:14)
    at Module._extensions..js (node:internal/modules/cjs/loader:1422:10)
    at Module.load (node:internal/modules/cjs/loader:1203:32)
    at Module._load (node:internal/modules/cjs/loader:1019:12)
    at Module.require (node:internal/modules/cjs/loader:1231:19)
[2025-03-03T16:42:11.439Z] [31MERROR[39M: uncaughtException: Cannot find module '../../controllers/driver.controller.js'
Require stack:
- /app/modules/drivers/driver.routes.js
- /app/app.js
- /app/server.js
Error: Cannot find module '../../controllers/driver.controller.js'
Require stack:
- /app/modules/drivers/driver.routes.js
- /app/app.js
- /app/server.js
    at Module._resolveFilename (node:internal/modules/cjs/loader:1140:15)
    at Module._load (node:internal/modules/cjs/loader:981:27)
    at Module.require (node:internal/modules/cjs/loader:1231:19)
    at require (node:internal/modules/helpers:177:18)
    at Object.<anonymous> (/app/modules/drivers/driver.routes.js:5:5)
    at Module._compile (node:internal/modules/cjs/loader:1364:14)
    at Module._extensions..js (node:internal/modules/cjs/loader:1422:10)
    at Module.load (node:internal/modules/cjs/loader:1203:32)
    at Module._load (node:internal/modules/cjs/loader:1019:12)
    at Module.require (node:internal/modules/cjs/loader:1231:19)
[2025-03-03T16:42:14.910Z] [31MERROR[39M: uncaughtException: Cannot find module '../../controllers/driver.controller.js'
Require stack:
- /app/modules/drivers/driver.routes.js
- /app/app.js
- /app/server.js
Error: Cannot find module '../../controllers/driver.controller.js'
Require stack:
- /app/modules/drivers/driver.routes.js
- /app/app.js
- /app/server.js
    at Module._resolveFilename (node:internal/modules/cjs/loader:1140:15)
    at Module._load (node:internal/modules/cjs/loader:981:27)
    at Module.require (node:internal/modules/cjs/loader:1231:19)
    at require (node:internal/modules/helpers:177:18)
    at Object.<anonymous> (/app/modules/drivers/driver.routes.js:5:5)
    at Module._compile (node:internal/modules/cjs/loader:1364:14)
    at Module._extensions..js (node:internal/modules/cjs/loader:1422:10)
    at Module.load (node:internal/modules/cjs/loader:1203:32)
    at Module._load (node:internal/modules/cjs/loader:1019:12)
    at Module.require (node:internal/modules/cjs/loader:1231:19)
[2025-03-03T16:42:19.094Z] [31MERROR[39M: uncaughtException: Cannot find module '../../controllers/driver.controller.js'
Require stack:
- /app/modules/drivers/driver.routes.js
- /app/app.js
- /app/server.js
Error: Cannot find module '../../controllers/driver.controller.js'
Require stack:
- /app/modules/drivers/driver.routes.js
- /app/app.js
- /app/server.js
    at Module._resolveFilename (node:internal/modules/cjs/loader:1140:15)
    at Module._load (node:internal/modules/cjs/loader:981:27)
    at Module.require (node:internal/modules/cjs/loader:1231:19)
    at require (node:internal/modules/helpers:177:18)
    at Object.<anonymous> (/app/modules/drivers/driver.routes.js:5:5)
    at Module._compile (node:internal/modules/cjs/loader:1364:14)
    at Module._extensions..js (node:internal/modules/cjs/loader:1422:10)
    at Module.load (node:internal/modules/cjs/loader:1203:32)
    at Module._load (node:internal/modules/cjs/loader:1019:12)
    at Module.require (node:internal/modules/cjs/loader:1231:19)
[2025-03-03T16:42:24.669Z] [31MERROR[39M: uncaughtException: Cannot find module '../../controllers/driver.controller.js'
Require stack:
- /app/modules/drivers/driver.routes.js
- /app/app.js
- /app/server.js
Error: Cannot find module '../../controllers/driver.controller.js'
Require stack:
- /app/modules/drivers/driver.routes.js
- /app/app.js
- /app/server.js
    at Module._resolveFilename (node:internal/modules/cjs/loader:1140:15)
    at Module._load (node:internal/modules/cjs/loader:981:27)
    at Module.require (node:internal/modules/cjs/loader:1231:19)
    at require (node:internal/modules/helpers:177:18)
    at Object.<anonymous> (/app/modules/drivers/driver.routes.js:5:5)
    at Module._compile (node:internal/modules/cjs/loader:1364:14)
    at Module._extensions..js (node:internal/modules/cjs/loader:1422:10)
    at Module.load (node:internal/modules/cjs/loader:1203:32)
    at Module._load (node:internal/modules/cjs/loader:1019:12)
    at Module.require (node:internal/modules/cjs/loader:1231:19)
[2025-03-03T16:42:31.248Z] [31MERROR[39M: uncaughtException: Cannot find module '../../controllers/driver.controller.js'
Require stack:
- /app/modules/drivers/driver.routes.js
- /app/app.js
- /app/server.js
Error: Cannot find module '../../controllers/driver.controller.js'
Require stack:
- /app/modules/drivers/driver.routes.js
- /app/app.js
- /app/server.js
    at Module._resolveFilename (node:internal/modules/cjs/loader:1140:15)
    at Module._load (node:internal/modules/cjs/loader:981:27)
    at Module.require (node:internal/modules/cjs/loader:1231:19)
    at require (node:internal/modules/helpers:177:18)
    at Object.<anonymous> (/app/modules/drivers/driver.routes.js:5:5)
    at Module._compile (node:internal/modules/cjs/loader:1364:14)
    at Module._extensions..js (node:internal/modules/cjs/loader:1422:10)
    at Module.load (node:internal/modules/cjs/loader:1203:32)
    at Module._load (node:internal/modules/cjs/loader:1019:12)
    at Module.require (node:internal/modules/cjs/loader:1231:19)
[2025-03-03T16:42:36.651Z] [31MERROR[39M: uncaughtException: Cannot find module '../../controllers/driver.controller.js'
Require stack:
- /app/modules/drivers/driver.routes.js
- /app/app.js
- /app/server.js
Error: Cannot find module '../../controllers/driver.controller.js'
Require stack:
- /app/modules/drivers/driver.routes.js
- /app/app.js
- /app/server.js
    at Module._resolveFilename (node:internal/modules/cjs/loader:1140:15)
    at Module._load (node:internal/modules/cjs/loader:981:27)
    at Module.require (node:internal/modules/cjs/loader:1231:19)
    at require (node:internal/modules/helpers:177:18)
    at Object.<anonymous> (/app/modules/drivers/driver.routes.js:5:5)
    at Module._compile (node:internal/modules/cjs/loader:1364:14)
    at Module._extensions..js (node:internal/modules/cjs/loader:1422:10)
    at Module.load (node:internal/modules/cjs/loader:1203:32)
    at Module._load (node:internal/modules/cjs/loader:1019:12)
    at Module.require (node:internal/modules/cjs/loader:1231:19)
[2025-03-03T16:42:44.080Z] [31MERROR[39M: uncaughtException: Cannot find module '../../controllers/driver.controller.js'
Require stack:
- /app/modules/drivers/driver.routes.js
- /app/app.js
- /app/server.js
Error: Cannot find module '../../controllers/driver.controller.js'
Require stack:
- /app/modules/drivers/driver.routes.js
- /app/app.js
- /app/server.js
    at Module._resolveFilename (node:internal/modules/cjs/loader:1140:15)
    at Module._load (node:internal/modules/cjs/loader:981:27)
    at Module.require (node:internal/modules/cjs/loader:1231:19)
    at require (node:internal/modules/helpers:177:18)
    at Object.<anonymous> (/app/modules/drivers/driver.routes.js:5:5)
    at Module._compile (node:internal/modules/cjs/loader:1364:14)
    at Module._extensions..js (node:internal/modules/cjs/loader:1422:10)
    at Module.load (node:internal/modules/cjs/loader:1203:32)
    at Module._load (node:internal/modules/cjs/loader:1019:12)
    at Module.require (node:internal/modules/cjs/loader:1231:19)
[2025-03-03T16:42:55.234Z] [31MERROR[39M: uncaughtException: Cannot find module '../models/driver.model'
Require stack:
- /app/modules/drivers/driver.controller.js
- /app/modules/drivers/driver.routes.js
- /app/app.js
- /app/server.js
Error: Cannot find module '../models/driver.model'
Require stack:
- /app/modules/drivers/driver.controller.js
- /app/modules/drivers/driver.routes.js
- /app/app.js
- /app/server.js
    at Module._resolveFilename (node:internal/modules/cjs/loader:1140:15)
    at Module._load (node:internal/modules/cjs/loader:981:27)
    at Module.require (node:internal/modules/cjs/loader:1231:19)
    at require (node:internal/modules/helpers:177:18)
    at Object.<anonymous> (/app/modules/drivers/driver.controller.js:1:16)
    at Module._compile (node:internal/modules/cjs/loader:1364:14)
    at Module._extensions..js (node:internal/modules/cjs/loader:1422:10)
    at Module.load (node:internal/modules/cjs/loader:1203:32)
    at Module._load (node:internal/modules/cjs/loader:1019:12)
    at Module.require (node:internal/modules/cjs/loader:1231:19)
[2025-03-03T16:43:28.135Z] [31MERROR[39M: uncaughtException: Cannot find module '../models/user.model'
Require stack:
- /app/modules/drivers/driver.controller.js
- /app/modules/drivers/driver.routes.js
- /app/app.js
- /app/server.js
Error: Cannot find module '../models/user.model'
Require stack:
- /app/modules/drivers/driver.controller.js
- /app/modules/drivers/driver.routes.js
- /app/app.js
- /app/server.js
    at Module._resolveFilename (node:internal/modules/cjs/loader:1140:15)
    at Module._load (node:internal/modules/cjs/loader:981:27)
    at Module.require (node:internal/modules/cjs/loader:1231:19)
    at require (node:internal/modules/helpers:177:18)
    at Object.<anonymous> (/app/modules/drivers/driver.controller.js:3:14)
    at Module._compile (node:internal/modules/cjs/loader:1364:14)
    at Module._extensions..js (node:internal/modules/cjs/loader:1422:10)
    at Module.load (node:internal/modules/cjs/loader:1203:32)
    at Module._load (node:internal/modules/cjs/loader:1019:12)
    at Module.require (node:internal/modules/cjs/loader:1231:19)
[2025-03-03T16:44:38.071Z] [31MERROR[39M: uncaughtException: Cannot find module '../../controllers/review.controller.js'
Require stack:
- /app/modules/reviews/review.routes.js
- /app/app.js
- /app/server.js
Error: Cannot find module '../../controllers/review.controller.js'
Require stack:
- /app/modules/reviews/review.routes.js
- /app/app.js
- /app/server.js
    at Module._resolveFilename (node:internal/modules/cjs/loader:1140:15)
    at Module._load (node:internal/modules/cjs/loader:981:27)
    at Module.require (node:internal/modules/cjs/loader:1231:19)
    at require (node:internal/modules/helpers:177:18)
    at Object.<anonymous> (/app/modules/reviews/review.routes.js:5:5)
    at Module._compile (node:internal/modules/cjs/loader:1364:14)
    at Module._extensions..js (node:internal/modules/cjs/loader:1422:10)
    at Module.load (node:internal/modules/cjs/loader:1203:32)
    at Module._load (node:internal/modules/cjs/loader:1019:12)
    at Module.require (node:internal/modules/cjs/loader:1231:19)
[2025-03-03T16:44:49.335Z] [31MERROR[39M: uncaughtException: Cannot find module '../models/review.model'
Require stack:
- /app/modules/reviews/review.controller.js
- /app/modules/reviews/review.routes.js
- /app/app.js
- /app/server.js
Error: Cannot find module '../models/review.model'
Require stack:
- /app/modules/reviews/review.controller.js
- /app/modules/reviews/review.routes.js
- /app/app.js
- /app/server.js
    at Module._resolveFilename (node:internal/modules/cjs/loader:1140:15)
    at Module._load (node:internal/modules/cjs/loader:981:27)
    at Module.require (node:internal/modules/cjs/loader:1231:19)
    at require (node:internal/modules/helpers:177:18)
    at Object.<anonymous> (/app/modules/reviews/review.controller.js:1:16)
    at Module._compile (node:internal/modules/cjs/loader:1364:14)
    at Module._extensions..js (node:internal/modules/cjs/loader:1422:10)
    at Module.load (node:internal/modules/cjs/loader:1203:32)
    at Module._load (node:internal/modules/cjs/loader:1019:12)
    at Module.require (node:internal/modules/cjs/loader:1231:19)
[2025-03-03T16:44:57.808Z] [31MERROR[39M: uncaughtException: Cannot find module '../models/user.model'
Require stack:
- /app/modules/reviews/review.controller.js
- /app/modules/reviews/review.routes.js
- /app/app.js
- /app/server.js
Error: Cannot find module '../models/user.model'
Require stack:
- /app/modules/reviews/review.controller.js
- /app/modules/reviews/review.routes.js
- /app/app.js
- /app/server.js
    at Module._resolveFilename (node:internal/modules/cjs/loader:1140:15)
    at Module._load (node:internal/modules/cjs/loader:981:27)
    at Module.require (node:internal/modules/cjs/loader:1231:19)
    at require (node:internal/modules/helpers:177:18)
    at Object.<anonymous> (/app/modules/reviews/review.controller.js:2:14)
    at Module._compile (node:internal/modules/cjs/loader:1364:14)
    at Module._extensions..js (node:internal/modules/cjs/loader:1422:10)
    at Module.load (node:internal/modules/cjs/loader:1203:32)
    at Module._load (node:internal/modules/cjs/loader:1019:12)
    at Module.require (node:internal/modules/cjs/loader:1231:19)
[2025-03-03T16:45:01.636Z] [31MERROR[39M: uncaughtException: Cannot find module '../models/booking.model'
Require stack:
- /app/modules/reviews/review.controller.js
- /app/modules/reviews/review.routes.js
- /app/app.js
- /app/server.js
Error: Cannot find module '../models/booking.model'
Require stack:
- /app/modules/reviews/review.controller.js
- /app/modules/reviews/review.routes.js
- /app/app.js
- /app/server.js
    at Module._resolveFilename (node:internal/modules/cjs/loader:1140:15)
    at Module._load (node:internal/modules/cjs/loader:981:27)
    at Module.require (node:internal/modules/cjs/loader:1231:19)
    at require (node:internal/modules/helpers:177:18)
    at Object.<anonymous> (/app/modules/reviews/review.controller.js:3:17)
    at Module._compile (node:internal/modules/cjs/loader:1364:14)
    at Module._extensions..js (node:internal/modules/cjs/loader:1422:10)
    at Module.load (node:internal/modules/cjs/loader:1203:32)
    at Module._load (node:internal/modules/cjs/loader:1019:12)
    at Module.require (node:internal/modules/cjs/loader:1231:19)
[2025-03-03T16:46:56.610Z] [31MERROR[39M: uncaughtException: notificationRoutes is not defined
ReferenceError: notificationRoutes is not defined
    at Object.<anonymous> (/app/app.js:57:34)
    at Module._compile (node:internal/modules/cjs/loader:1364:14)
    at Module._extensions..js (node:internal/modules/cjs/loader:1422:10)
    at Module.load (node:internal/modules/cjs/loader:1203:32)
    at Module._load (node:internal/modules/cjs/loader:1019:12)
    at Module.require (node:internal/modules/cjs/loader:1231:19)
    at require (node:internal/modules/helpers:177:18)
    at Object.<anonymous> (/app/server.js:5:13)
    at Module._compile (node:internal/modules/cjs/loader:1364:14)
    at Module._extensions..js (node:internal/modules/cjs/loader:1422:10)
[2025-03-03T16:47:20.595Z] [31MERROR[39M: uncaughtException: Cannot find module '../../controllers/notification.controller.js'
Require stack:
- /app/modules/notifications/notification.routes.js
- /app/app.js
- /app/server.js
Error: Cannot find module '../../controllers/notification.controller.js'
Require stack:
- /app/modules/notifications/notification.routes.js
- /app/app.js
- /app/server.js
    at Module._resolveFilename (node:internal/modules/cjs/loader:1140:15)
    at Module._load (node:internal/modules/cjs/loader:981:27)
    at Module.require (node:internal/modules/cjs/loader:1231:19)
    at require (node:internal/modules/helpers:177:18)
    at Object.<anonymous> (/app/modules/notifications/notification.routes.js:7:5)
    at Module._compile (node:internal/modules/cjs/loader:1364:14)
    at Module._extensions..js (node:internal/modules/cjs/loader:1422:10)
    at Module.load (node:internal/modules/cjs/loader:1203:32)
    at Module._load (node:internal/modules/cjs/loader:1019:12)
    at Module.require (node:internal/modules/cjs/loader:1231:19)
[2025-03-03T16:47:32.972Z] [31MERROR[39M: uncaughtException: Cannot find module '../../controllers/notification.controller.js'
Require stack:
- /app/modules/notifications/notification.routes.js
- /app/app.js
- /app/server.js
Error: Cannot find module '../../controllers/notification.controller.js'
Require stack:
- /app/modules/notifications/notification.routes.js
- /app/app.js
- /app/server.js
    at Module._resolveFilename (node:internal/modules/cjs/loader:1140:15)
    at Module._load (node:internal/modules/cjs/loader:981:27)
    at Module.require (node:internal/modules/cjs/loader:1231:19)
    at require (node:internal/modules/helpers:177:18)
    at Object.<anonymous> (/app/modules/notifications/notification.routes.js:7:5)
    at Module._compile (node:internal/modules/cjs/loader:1364:14)
    at Module._extensions..js (node:internal/modules/cjs/loader:1422:10)
    at Module.load (node:internal/modules/cjs/loader:1203:32)
    at Module._load (node:internal/modules/cjs/loader:1019:12)
    at Module.require (node:internal/modules/cjs/loader:1231:19)
[2025-03-03T16:47:42.625Z] [31MERROR[39M: uncaughtException: Cannot find module '../../controllers/notification.controller.js'
Require stack:
- /app/modules/notifications/notification.routes.js
- /app/app.js
- /app/server.js
Error: Cannot find module '../../controllers/notification.controller.js'
Require stack:
- /app/modules/notifications/notification.routes.js
- /app/app.js
- /app/server.js
    at Module._resolveFilename (node:internal/modules/cjs/loader:1140:15)
    at Module._load (node:internal/modules/cjs/loader:981:27)
    at Module.require (node:internal/modules/cjs/loader:1231:19)
    at require (node:internal/modules/helpers:177:18)
    at Object.<anonymous> (/app/modules/notifications/notification.routes.js:6:5)
    at Module._compile (node:internal/modules/cjs/loader:1364:14)
    at Module._extensions..js (node:internal/modules/cjs/loader:1422:10)
    at Module.load (node:internal/modules/cjs/loader:1203:32)
    at Module._load (node:internal/modules/cjs/loader:1019:12)
    at Module.require (node:internal/modules/cjs/loader:1231:19)
[2025-03-03T16:47:50.225Z] [31MERROR[39M: uncaughtException: Cannot find module '../models/notification.model.js'
Require stack:
- /app/modules/notifications/notification.controller.js
- /app/modules/notifications/notification.routes.js
- /app/app.js
- /app/server.js
Error: Cannot find module '../models/notification.model.js'
Require stack:
- /app/modules/notifications/notification.controller.js
- /app/modules/notifications/notification.routes.js
- /app/app.js
- /app/server.js
    at Module._resolveFilename (node:internal/modules/cjs/loader:1140:15)
    at Module._load (node:internal/modules/cjs/loader:981:27)
    at Module.require (node:internal/modules/cjs/loader:1231:19)
    at require (node:internal/modules/helpers:177:18)
    at Object.<anonymous> (/app/modules/notifications/notification.controller.js:1:22)
    at Module._compile (node:internal/modules/cjs/loader:1364:14)
    at Module._extensions..js (node:internal/modules/cjs/loader:1422:10)
    at Module.load (node:internal/modules/cjs/loader:1203:32)
    at Module._load (node:internal/modules/cjs/loader:1019:12)
    at Module.require (node:internal/modules/cjs/loader:1231:19)
[2025-03-06T19:07:27.976Z] [31MERROR[39M: uncaughtException: Cannot find module '../models/Booking'
Require stack:
- /app/modules/bookings/booking.service.js
- /app/modules/bookings/booking.controller.js
- /app/modules/bookings/booking.routes.js
- /app/app.js
- /app/server.js
Error: Cannot find module '../models/Booking'
Require stack:
- /app/modules/bookings/booking.service.js
- /app/modules/bookings/booking.controller.js
- /app/modules/bookings/booking.routes.js
- /app/app.js
- /app/server.js
    at Module._resolveFilename (node:internal/modules/cjs/loader:1140:15)
    at Module._load (node:internal/modules/cjs/loader:981:27)
    at Module.require (node:internal/modules/cjs/loader:1231:19)
    at require (node:internal/modules/helpers:177:18)
    at Object.<anonymous> (/app/modules/bookings/booking.service.js:1:17)
    at Module._compile (node:internal/modules/cjs/loader:1364:14)
    at Module._extensions..js (node:internal/modules/cjs/loader:1422:10)
    at Module.load (node:internal/modules/cjs/loader:1203:32)
    at Module._load (node:internal/modules/cjs/loader:1019:12)
    at Module.require (node:internal/modules/cjs/loader:1231:19)
[2025-03-06T19:09:00.780Z] [31MERROR[39M: uncaughtException: Cannot find module '../models/Booking'
Require stack:
- /app/modules/bookings/booking.service.js
- /app/modules/bookings/booking.controller.js
- /app/modules/bookings/booking.routes.js
- /app/app.js
- /app/server.js
Error: Cannot find module '../models/Booking'
Require stack:
- /app/modules/bookings/booking.service.js
- /app/modules/bookings/booking.controller.js
- /app/modules/bookings/booking.routes.js
- /app/app.js
- /app/server.js
    at Module._resolveFilename (node:internal/modules/cjs/loader:1140:15)
    at Module._load (node:internal/modules/cjs/loader:981:27)
    at Module.require (node:internal/modules/cjs/loader:1231:19)
    at require (node:internal/modules/helpers:177:18)
    at Object.<anonymous> (/app/modules/bookings/booking.service.js:1:17)
    at Module._compile (node:internal/modules/cjs/loader:1364:14)
    at Module._extensions..js (node:internal/modules/cjs/loader:1422:10)
    at Module.load (node:internal/modules/cjs/loader:1203:32)
    at Module._load (node:internal/modules/cjs/loader:1019:12)
    at Module.require (node:internal/modules/cjs/loader:1231:19)
[2025-03-06T19:09:10.050Z] [31MERROR[39M: uncaughtException: Cannot find module '../models/Booking'
Require stack:
- /app/modules/bookings/booking.service.js
- /app/modules/bookings/booking.controller.js
- /app/modules/bookings/booking.routes.js
- /app/app.js
- /app/server.js
Error: Cannot find module '../models/Booking'
Require stack:
- /app/modules/bookings/booking.service.js
- /app/modules/bookings/booking.controller.js
- /app/modules/bookings/booking.routes.js
- /app/app.js
- /app/server.js
    at Module._resolveFilename (node:internal/modules/cjs/loader:1140:15)
    at Module._load (node:internal/modules/cjs/loader:981:27)
    at Module.require (node:internal/modules/cjs/loader:1231:19)
    at require (node:internal/modules/helpers:177:18)
    at Object.<anonymous> (/app/modules/bookings/booking.service.js:1:17)
    at Module._compile (node:internal/modules/cjs/loader:1364:14)
    at Module._extensions..js (node:internal/modules/cjs/loader:1422:10)
    at Module.load (node:internal/modules/cjs/loader:1203:32)
    at Module._load (node:internal/modules/cjs/loader:1019:12)
    at Module.require (node:internal/modules/cjs/loader:1231:19)
[2025-03-06T19:09:42.441Z] [31MERROR[39M: uncaughtException: Route.post() requires a callback function but got a [object Undefined]
Error: Route.post() requires a callback function but got a [object Undefined]
    at Route.<computed> [as post] (/app/node_modules/express/lib/router/route.js:216:15)
    at proto.<computed> [as post] (/app/node_modules/express/lib/router/index.js:521:19)
    at Object.<anonymous> (/app/modules/bookings/booking.routes.js:16:8)
    at Module._compile (node:internal/modules/cjs/loader:1364:14)
    at Module._extensions..js (node:internal/modules/cjs/loader:1422:10)
    at Module.load (node:internal/modules/cjs/loader:1203:32)
    at Module._load (node:internal/modules/cjs/loader:1019:12)
    at Module.require (node:internal/modules/cjs/loader:1231:19)
    at require (node:internal/modules/helpers:177:18)
    at Object.<anonymous> (/app/app.js:14:23)
[2025-03-06T19:10:52.276Z] [31MERROR[39M: uncaughtException: Route.post() requires a callback function but got a [object Undefined]
Error: Route.post() requires a callback function but got a [object Undefined]
    at Route.<computed> [as post] (/app/node_modules/express/lib/router/route.js:216:15)
    at proto.<computed> [as post] (/app/node_modules/express/lib/router/index.js:521:19)
    at Object.<anonymous> (/app/modules/bookings/booking.routes.js:16:8)
    at Module._compile (node:internal/modules/cjs/loader:1364:14)
    at Module._extensions..js (node:internal/modules/cjs/loader:1422:10)
    at Module.load (node:internal/modules/cjs/loader:1203:32)
    at Module._load (node:internal/modules/cjs/loader:1019:12)
    at Module.require (node:internal/modules/cjs/loader:1231:19)
    at require (node:internal/modules/helpers:177:18)
    at Object.<anonymous> (/app/app.js:14:23)
[2025-03-06T19:10:59.935Z] [31MERROR[39M: uncaughtException: Route.post() requires a callback function but got a [object Undefined]
Error: Route.post() requires a callback function but got a [object Undefined]
    at Route.<computed> [as post] (/app/node_modules/express/lib/router/route.js:216:15)
    at proto.<computed> [as post] (/app/node_modules/express/lib/router/index.js:521:19)
    at Object.<anonymous> (/app/modules/bookings/booking.routes.js:16:8)
    at Module._compile (node:internal/modules/cjs/loader:1364:14)
    at Module._extensions..js (node:internal/modules/cjs/loader:1422:10)
    at Module.load (node:internal/modules/cjs/loader:1203:32)
    at Module._load (node:internal/modules/cjs/loader:1019:12)
    at Module.require (node:internal/modules/cjs/loader:1231:19)
    at require (node:internal/modules/helpers:177:18)
    at Object.<anonymous> (/app/app.js:14:23)
[2025-03-06T19:11:01.184Z] [31MERROR[39M: uncaughtException: Route.post() requires a callback function but got a [object Undefined]
Error: Route.post() requires a callback function but got a [object Undefined]
    at Route.<computed> [as post] (/app/node_modules/express/lib/router/route.js:216:15)
    at proto.<computed> [as post] (/app/node_modules/express/lib/router/index.js:521:19)
    at Object.<anonymous> (/app/modules/bookings/booking.routes.js:16:8)
    at Module._compile (node:internal/modules/cjs/loader:1364:14)
    at Module._extensions..js (node:internal/modules/cjs/loader:1422:10)
    at Module.load (node:internal/modules/cjs/loader:1203:32)
    at Module._load (node:internal/modules/cjs/loader:1019:12)
    at Module.require (node:internal/modules/cjs/loader:1231:19)
    at require (node:internal/modules/helpers:177:18)
    at Object.<anonymous> (/app/app.js:14:23)
[2025-03-06T19:11:50.332Z] [31MERROR[39M: uncaughtException: Route.post() requires a callback function but got a [object Undefined]
Error: Route.post() requires a callback function but got a [object Undefined]
    at Route.<computed> [as post] (/app/node_modules/express/lib/router/route.js:216:15)
    at proto.<computed> [as post] (/app/node_modules/express/lib/router/index.js:521:19)
    at Object.<anonymous> (/app/modules/bookings/booking.routes.js:16:8)
    at Module._compile (node:internal/modules/cjs/loader:1364:14)
    at Module._extensions..js (node:internal/modules/cjs/loader:1422:10)
    at Module.load (node:internal/modules/cjs/loader:1203:32)
    at Module._load (node:internal/modules/cjs/loader:1019:12)
    at Module.require (node:internal/modules/cjs/loader:1231:19)
    at require (node:internal/modules/helpers:177:18)
    at Object.<anonymous> (/app/app.js:14:23)
[2025-03-06T19:12:03.280Z] [31MERROR[39M: uncaughtException: Route.post() requires a callback function but got a [object Undefined]
Error: Route.post() requires a callback function but got a [object Undefined]
    at Route.<computed> [as post] (/app/node_modules/express/lib/router/route.js:216:15)
    at proto.<computed> [as post] (/app/node_modules/express/lib/router/index.js:521:19)
    at Object.<anonymous> (/app/modules/bookings/booking.routes.js:16:8)
    at Module._compile (node:internal/modules/cjs/loader:1364:14)
    at Module._extensions..js (node:internal/modules/cjs/loader:1422:10)
    at Module.load (node:internal/modules/cjs/loader:1203:32)
    at Module._load (node:internal/modules/cjs/loader:1019:12)
    at Module.require (node:internal/modules/cjs/loader:1231:19)
    at require (node:internal/modules/helpers:177:18)
    at Object.<anonymous> (/app/app.js:14:23)
[2025-03-06T19:13:17.379Z] [31MERROR[39M: uncaughtException: Route.post() requires a callback function but got a [object Undefined]
Error: Route.post() requires a callback function but got a [object Undefined]
    at Route.<computed> [as post] (/app/node_modules/express/lib/router/route.js:216:15)
    at proto.<computed> [as post] (/app/node_modules/express/lib/router/index.js:521:19)
    at Object.<anonymous> (/app/modules/bookings/booking.routes.js:16:8)
    at Module._compile (node:internal/modules/cjs/loader:1364:14)
    at Module._extensions..js (node:internal/modules/cjs/loader:1422:10)
    at Module.load (node:internal/modules/cjs/loader:1203:32)
    at Module._load (node:internal/modules/cjs/loader:1019:12)
    at Module.require (node:internal/modules/cjs/loader:1231:19)
    at require (node:internal/modules/helpers:177:18)
    at Object.<anonymous> (/app/app.js:14:23)
[2025-03-06T19:14:22.082Z] [31MERROR[39M: uncaughtException: Route.post() requires a callback function but got a [object Undefined]
Error: Route.post() requires a callback function but got a [object Undefined]
    at Route.<computed> [as post] (/app/node_modules/express/lib/router/route.js:216:15)
    at proto.<computed> [as post] (/app/node_modules/express/lib/router/index.js:521:19)
    at Object.<anonymous> (/app/modules/bookings/booking.routes.js:16:8)
    at Module._compile (node:internal/modules/cjs/loader:1364:14)
    at Module._extensions..js (node:internal/modules/cjs/loader:1422:10)
    at Module.load (node:internal/modules/cjs/loader:1203:32)
    at Module._load (node:internal/modules/cjs/loader:1019:12)
    at Module.require (node:internal/modules/cjs/loader:1231:19)
    at require (node:internal/modules/helpers:177:18)
    at Object.<anonymous> (/app/app.js:14:23)
[2025-03-06T19:15:09.652Z] [31MERROR[39M: uncaughtException: Route.post() requires a callback function but got a [object Undefined]
Error: Route.post() requires a callback function but got a [object Undefined]
    at Route.<computed> [as post] (/app/node_modules/express/lib/router/route.js:216:15)
    at proto.<computed> [as post] (/app/node_modules/express/lib/router/index.js:521:19)
    at Object.<anonymous> (/app/modules/bookings/booking.routes.js:16:8)
    at Module._compile (node:internal/modules/cjs/loader:1364:14)
    at Module._extensions..js (node:internal/modules/cjs/loader:1422:10)
    at Module.load (node:internal/modules/cjs/loader:1203:32)
    at Module._load (node:internal/modules/cjs/loader:1019:12)
    at Module.require (node:internal/modules/cjs/loader:1231:19)
    at require (node:internal/modules/helpers:177:18)
    at Object.<anonymous> (/app/app.js:14:23)
[2025-03-06T19:15:25.784Z] [31MERROR[39M: uncaughtException: Cannot find module '../models/notification.model'
Require stack:
- /app/modules/bookings/booking.service.js
- /app/modules/bookings/booking.controller.js
- /app/modules/bookings/booking.routes.js
- /app/app.js
- /app/server.js
Error: Cannot find module '../models/notification.model'
Require stack:
- /app/modules/bookings/booking.service.js
- /app/modules/bookings/booking.controller.js
- /app/modules/bookings/booking.routes.js
- /app/app.js
- /app/server.js
    at Module._resolveFilename (node:internal/modules/cjs/loader:1140:15)
    at Module._load (node:internal/modules/cjs/loader:981:27)
    at Module.require (node:internal/modules/cjs/loader:1231:19)
    at require (node:internal/modules/helpers:177:18)
    at Object.<anonymous> (/app/modules/bookings/booking.service.js:2:22)
    at Module._compile (node:internal/modules/cjs/loader:1364:14)
    at Module._extensions..js (node:internal/modules/cjs/loader:1422:10)
    at Module.load (node:internal/modules/cjs/loader:1203:32)
    at Module._load (node:internal/modules/cjs/loader:1019:12)
    at Module.require (node:internal/modules/cjs/loader:1231:19)
[2025-03-06T19:15:35.847Z] [31MERROR[39M: uncaughtException: Cannot find module '../models/notification.model'
Require stack:
- /app/modules/bookings/booking.service.js
- /app/modules/bookings/booking.controller.js
- /app/modules/bookings/booking.routes.js
- /app/app.js
- /app/server.js
Error: Cannot find module '../models/notification.model'
Require stack:
- /app/modules/bookings/booking.service.js
- /app/modules/bookings/booking.controller.js
- /app/modules/bookings/booking.routes.js
- /app/app.js
- /app/server.js
    at Module._resolveFilename (node:internal/modules/cjs/loader:1140:15)
    at Module._load (node:internal/modules/cjs/loader:981:27)
    at Module.require (node:internal/modules/cjs/loader:1231:19)
    at require (node:internal/modules/helpers:177:18)
    at Object.<anonymous> (/app/modules/bookings/booking.service.js:2:22)
    at Module._compile (node:internal/modules/cjs/loader:1364:14)
    at Module._extensions..js (node:internal/modules/cjs/loader:1422:10)
    at Module.load (node:internal/modules/cjs/loader:1203:32)
    at Module._load (node:internal/modules/cjs/loader:1019:12)
    at Module.require (node:internal/modules/cjs/loader:1231:19)
[2025-03-06T19:15:48.594Z] [31MERROR[39M: uncaughtException: Cannot find module '../config/redis'
Require stack:
- /app/modules/bookings/booking.service.js
- /app/modules/bookings/booking.controller.js
- /app/modules/bookings/booking.routes.js
- /app/app.js
- /app/server.js
Error: Cannot find module '../config/redis'
Require stack:
- /app/modules/bookings/booking.service.js
- /app/modules/bookings/booking.controller.js
- /app/modules/bookings/booking.routes.js
- /app/app.js
- /app/server.js
    at Module._resolveFilename (node:internal/modules/cjs/loader:1140:15)
    at Module._load (node:internal/modules/cjs/loader:981:27)
    at Module.require (node:internal/modules/cjs/loader:1231:19)
    at require (node:internal/modules/helpers:177:18)
    at Object.<anonymous> (/app/modules/bookings/booking.service.js:3:15)
    at Module._compile (node:internal/modules/cjs/loader:1364:14)
    at Module._extensions..js (node:internal/modules/cjs/loader:1422:10)
    at Module.load (node:internal/modules/cjs/loader:1203:32)
    at Module._load (node:internal/modules/cjs/loader:1019:12)
    at Module.require (node:internal/modules/cjs/loader:1231:19)
[2025-03-06T19:16:30.362Z] [31MERROR[39M: uncaughtException: Cannot find module '../config/redis'
Require stack:
- /app/modules/bookings/booking.service.js
- /app/modules/bookings/booking.controller.js
- /app/modules/bookings/booking.routes.js
- /app/app.js
- /app/server.js
Error: Cannot find module '../config/redis'
Require stack:
- /app/modules/bookings/booking.service.js
- /app/modules/bookings/booking.controller.js
- /app/modules/bookings/booking.routes.js
- /app/app.js
- /app/server.js
    at Module._resolveFilename (node:internal/modules/cjs/loader:1140:15)
    at Module._load (node:internal/modules/cjs/loader:981:27)
    at Module.require (node:internal/modules/cjs/loader:1231:19)
    at require (node:internal/modules/helpers:177:18)
    at Object.<anonymous> (/app/modules/bookings/booking.service.js:3:15)
    at Module._compile (node:internal/modules/cjs/loader:1364:14)
    at Module._extensions..js (node:internal/modules/cjs/loader:1422:10)
    at Module.load (node:internal/modules/cjs/loader:1203:32)
    at Module._load (node:internal/modules/cjs/loader:1019:12)
    at Module.require (node:internal/modules/cjs/loader:1231:19)
[2025-03-06T19:17:59.028Z] [31MERROR[39M: uncaughtException: Unexpected token '}'
/app/modules/bookings/booking.service.js:81
}
^

SyntaxError: Unexpected token '}'
    at internalCompileFunction (node:internal/vm:76:18)
    at wrapSafe (node:internal/modules/cjs/loader:1283:20)
    at Module._compile (node:internal/modules/cjs/loader:1328:27)
    at Module._extensions..js (node:internal/modules/cjs/loader:1422:10)
    at Module.load (node:internal/modules/cjs/loader:1203:32)
    at Module._load (node:internal/modules/cjs/loader:1019:12)
    at Module.require (node:internal/modules/cjs/loader:1231:19)
    at require (node:internal/modules/helpers:177:18)
    at Object.<anonymous> (/app/modules/bookings/booking.controller.js:6:24)
    at Module._compile (node:internal/modules/cjs/loader:1364:14)
[2025-03-06T19:18:13.862Z] [31MERROR[39M: uncaughtException: Cannot find module '../config/redis'
Require stack:
- /app/modules/bookings/booking.service.js
- /app/modules/bookings/booking.controller.js
- /app/modules/bookings/booking.routes.js
- /app/app.js
- /app/server.js
Error: Cannot find module '../config/redis'
Require stack:
- /app/modules/bookings/booking.service.js
- /app/modules/bookings/booking.controller.js
- /app/modules/bookings/booking.routes.js
- /app/app.js
- /app/server.js
    at Module._resolveFilename (node:internal/modules/cjs/loader:1140:15)
    at Module._load (node:internal/modules/cjs/loader:981:27)
    at Module.require (node:internal/modules/cjs/loader:1231:19)
    at require (node:internal/modules/helpers:177:18)
    at Object.<anonymous> (/app/modules/bookings/booking.service.js:3:15)
    at Module._compile (node:internal/modules/cjs/loader:1364:14)
    at Module._extensions..js (node:internal/modules/cjs/loader:1422:10)
    at Module.load (node:internal/modules/cjs/loader:1203:32)
    at Module._load (node:internal/modules/cjs/loader:1019:12)
    at Module.require (node:internal/modules/cjs/loader:1231:19)
[2025-03-06T19:18:54.822Z] [31MERROR[39M: uncaughtException: Unexpected token '.'
/app/modules/bookings/booking.service.js:157
module.exports = BookingService;
      ^

SyntaxError: Unexpected token '.'
    at internalCompileFunction (node:internal/vm:76:18)
    at wrapSafe (node:internal/modules/cjs/loader:1283:20)
    at Module._compile (node:internal/modules/cjs/loader:1328:27)
    at Module._extensions..js (node:internal/modules/cjs/loader:1422:10)
    at Module.load (node:internal/modules/cjs/loader:1203:32)
    at Module._load (node:internal/modules/cjs/loader:1019:12)
    at Module.require (node:internal/modules/cjs/loader:1231:19)
    at require (node:internal/modules/helpers:177:18)
    at Object.<anonymous> (/app/modules/bookings/booking.controller.js:6:24)
    at Module._compile (node:internal/modules/cjs/loader:1364:14)
[2025-03-06T19:19:24.257Z] [31MERROR[39M: uncaughtException: Unexpected end of input
/app/modules/bookings/booking.service.js:160



SyntaxError: Unexpected end of input
    at internalCompileFunction (node:internal/vm:76:18)
    at wrapSafe (node:internal/modules/cjs/loader:1283:20)
    at Module._compile (node:internal/modules/cjs/loader:1328:27)
    at Module._extensions..js (node:internal/modules/cjs/loader:1422:10)
    at Module.load (node:internal/modules/cjs/loader:1203:32)
    at Module._load (node:internal/modules/cjs/loader:1019:12)
    at Module.require (node:internal/modules/cjs/loader:1231:19)
    at require (node:internal/modules/helpers:177:18)
    at Object.<anonymous> (/app/modules/bookings/booking.controller.js:6:24)
    at Module._compile (node:internal/modules/cjs/loader:1364:14)
[2025-03-06T19:19:40.735Z] [31MERROR[39M: uncaughtException: Cannot find module '../config/redis'
Require stack:
- /app/modules/bookings/booking.service.js
- /app/modules/bookings/booking.controller.js
- /app/modules/bookings/booking.routes.js
- /app/app.js
- /app/server.js
Error: Cannot find module '../config/redis'
Require stack:
- /app/modules/bookings/booking.service.js
- /app/modules/bookings/booking.controller.js
- /app/modules/bookings/booking.routes.js
- /app/app.js
- /app/server.js
    at Module._resolveFilename (node:internal/modules/cjs/loader:1140:15)
    at Module._load (node:internal/modules/cjs/loader:981:27)
    at Module.require (node:internal/modules/cjs/loader:1231:19)
    at require (node:internal/modules/helpers:177:18)
    at Object.<anonymous> (/app/modules/bookings/booking.service.js:3:15)
    at Module._compile (node:internal/modules/cjs/loader:1364:14)
    at Module._extensions..js (node:internal/modules/cjs/loader:1422:10)
    at Module.load (node:internal/modules/cjs/loader:1203:32)
    at Module._load (node:internal/modules/cjs/loader:1019:12)
    at Module.require (node:internal/modules/cjs/loader:1231:19)
[2025-03-06T19:21:05.523Z] [31MERROR[39M: uncaughtException: Cannot find module '../models/notification.model'
Require stack:
- /app/modules/bookings/booking.service.js
- /app/modules/bookings/booking.controller.js
- /app/modules/bookings/booking.routes.js
- /app/app.js
- /app/server.js
Error: Cannot find module '../models/notification.model'
Require stack:
- /app/modules/bookings/booking.service.js
- /app/modules/bookings/booking.controller.js
- /app/modules/bookings/booking.routes.js
- /app/app.js
- /app/server.js
    at Module._resolveFilename (node:internal/modules/cjs/loader:1140:15)
    at Module._load (node:internal/modules/cjs/loader:981:27)
    at Module.require (node:internal/modules/cjs/loader:1231:19)
    at require (node:internal/modules/helpers:177:18)
    at Object.<anonymous> (/app/modules/bookings/booking.service.js:2:22)
    at Module._compile (node:internal/modules/cjs/loader:1364:14)
    at Module._extensions..js (node:internal/modules/cjs/loader:1422:10)
    at Module.load (node:internal/modules/cjs/loader:1203:32)
    at Module._load (node:internal/modules/cjs/loader:1019:12)
    at Module.require (node:internal/modules/cjs/loader:1231:19)
[2025-03-06T19:21:48.503Z] [31MERROR[39M: uncaughtException: Cannot find module '../models/notification.model'
Require stack:
- /app/modules/bookings/booking.service.js
- /app/modules/bookings/booking.controller.js
- /app/modules/bookings/booking.routes.js
- /app/app.js
- /app/server.js
Error: Cannot find module '../models/notification.model'
Require stack:
- /app/modules/bookings/booking.service.js
- /app/modules/bookings/booking.controller.js
- /app/modules/bookings/booking.routes.js
- /app/app.js
- /app/server.js
    at Module._resolveFilename (node:internal/modules/cjs/loader:1140:15)
    at Module._load (node:internal/modules/cjs/loader:981:27)
    at Module.require (node:internal/modules/cjs/loader:1231:19)
    at require (node:internal/modules/helpers:177:18)
    at Object.<anonymous> (/app/modules/bookings/booking.service.js:2:22)
    at Module._compile (node:internal/modules/cjs/loader:1364:14)
    at Module._extensions..js (node:internal/modules/cjs/loader:1422:10)
    at Module.load (node:internal/modules/cjs/loader:1203:32)
    at Module._load (node:internal/modules/cjs/loader:1019:12)
    at Module.require (node:internal/modules/cjs/loader:1231:19)
[2025-03-06T19:22:00.334Z] [31MERROR[39M: uncaughtException: Cannot find module '../models/notification.model'
Require stack:
- /app/modules/bookings/booking.service.js
- /app/modules/bookings/booking.controller.js
- /app/modules/bookings/booking.routes.js
- /app/app.js
- /app/server.js
Error: Cannot find module '../models/notification.model'
Require stack:
- /app/modules/bookings/booking.service.js
- /app/modules/bookings/booking.controller.js
- /app/modules/bookings/booking.routes.js
- /app/app.js
- /app/server.js
    at Module._resolveFilename (node:internal/modules/cjs/loader:1140:15)
    at Module._load (node:internal/modules/cjs/loader:981:27)
    at Module.require (node:internal/modules/cjs/loader:1231:19)
    at require (node:internal/modules/helpers:177:18)
    at Object.<anonymous> (/app/modules/bookings/booking.service.js:2:22)
    at Module._compile (node:internal/modules/cjs/loader:1364:14)
    at Module._extensions..js (node:internal/modules/cjs/loader:1422:10)
    at Module.load (node:internal/modules/cjs/loader:1203:32)
    at Module._load (node:internal/modules/cjs/loader:1019:12)
    at Module.require (node:internal/modules/cjs/loader:1231:19)
[2025-03-06T19:23:14.085Z] [31MERROR[39M: uncaughtException: Cannot find module '../models/notification.model'
Require stack:
- /app/modules/bookings/booking.service.js
- /app/modules/bookings/booking.controller.js
- /app/modules/bookings/booking.routes.js
- /app/app.js
- /app/server.js
Error: Cannot find module '../models/notification.model'
Require stack:
- /app/modules/bookings/booking.service.js
- /app/modules/bookings/booking.controller.js
- /app/modules/bookings/booking.routes.js
- /app/app.js
- /app/server.js
    at Module._resolveFilename (node:internal/modules/cjs/loader:1140:15)
    at Module._load (node:internal/modules/cjs/loader:981:27)
    at Module.require (node:internal/modules/cjs/loader:1231:19)
    at require (node:internal/modules/helpers:177:18)
    at Object.<anonymous> (/app/modules/bookings/booking.service.js:2:22)
    at Module._compile (node:internal/modules/cjs/loader:1364:14)
    at Module._extensions..js (node:internal/modules/cjs/loader:1422:10)
    at Module.load (node:internal/modules/cjs/loader:1203:32)
    at Module._load (node:internal/modules/cjs/loader:1019:12)
    at Module.require (node:internal/modules/cjs/loader:1231:19)
[2025-03-06T19:23:21.324Z] [31MERROR[39M: uncaughtException: Cannot find module '../models/notification.model'
Require stack:
- /app/modules/bookings/booking.service.js
- /app/modules/bookings/booking.controller.js
- /app/modules/bookings/booking.routes.js
- /app/app.js
- /app/server.js
Error: Cannot find module '../models/notification.model'
Require stack:
- /app/modules/bookings/booking.service.js
- /app/modules/bookings/booking.controller.js
- /app/modules/bookings/booking.routes.js
- /app/app.js
- /app/server.js
    at Module._resolveFilename (node:internal/modules/cjs/loader:1140:15)
    at Module._load (node:internal/modules/cjs/loader:981:27)
    at Module.require (node:internal/modules/cjs/loader:1231:19)
    at require (node:internal/modules/helpers:177:18)
    at Object.<anonymous> (/app/modules/bookings/booking.service.js:2:22)
    at Module._compile (node:internal/modules/cjs/loader:1364:14)
    at Module._extensions..js (node:internal/modules/cjs/loader:1422:10)
    at Module.load (node:internal/modules/cjs/loader:1203:32)
    at Module._load (node:internal/modules/cjs/loader:1019:12)
    at Module.require (node:internal/modules/cjs/loader:1231:19)
[2025-03-06T19:23:23.195Z] [31MERROR[39M: uncaughtException: Cannot find module '../models/notification.model'
Require stack:
- /app/modules/bookings/booking.service.js
- /app/modules/bookings/booking.controller.js
- /app/modules/bookings/booking.routes.js
- /app/app.js
- /app/server.js
Error: Cannot find module '../models/notification.model'
Require stack:
- /app/modules/bookings/booking.service.js
- /app/modules/bookings/booking.controller.js
- /app/modules/bookings/booking.routes.js
- /app/app.js
- /app/server.js
    at Module._resolveFilename (node:internal/modules/cjs/loader:1140:15)
    at Module._load (node:internal/modules/cjs/loader:981:27)
    at Module.require (node:internal/modules/cjs/loader:1231:19)
    at require (node:internal/modules/helpers:177:18)
    at Object.<anonymous> (/app/modules/bookings/booking.service.js:2:22)
    at Module._compile (node:internal/modules/cjs/loader:1364:14)
    at Module._extensions..js (node:internal/modules/cjs/loader:1422:10)
    at Module.load (node:internal/modules/cjs/loader:1203:32)
    at Module._load (node:internal/modules/cjs/loader:1019:12)
    at Module.require (node:internal/modules/cjs/loader:1231:19)
[2025-03-06T19:23:35.301Z] [31MERROR[39M: uncaughtException: Cannot find module '../models/notification.model'
Require stack:
- /app/modules/bookings/booking.service.js
- /app/modules/bookings/booking.controller.js
- /app/modules/bookings/booking.routes.js
- /app/app.js
- /app/server.js
Error: Cannot find module '../models/notification.model'
Require stack:
- /app/modules/bookings/booking.service.js
- /app/modules/bookings/booking.controller.js
- /app/modules/bookings/booking.routes.js
- /app/app.js
- /app/server.js
    at Module._resolveFilename (node:internal/modules/cjs/loader:1140:15)
    at Module._load (node:internal/modules/cjs/loader:981:27)
    at Module.require (node:internal/modules/cjs/loader:1231:19)
    at require (node:internal/modules/helpers:177:18)
    at Object.<anonymous> (/app/modules/bookings/booking.service.js:2:22)
    at Module._compile (node:internal/modules/cjs/loader:1364:14)
    at Module._extensions..js (node:internal/modules/cjs/loader:1422:10)
    at Module.load (node:internal/modules/cjs/loader:1203:32)
    at Module._load (node:internal/modules/cjs/loader:1019:12)
    at Module.require (node:internal/modules/cjs/loader:1231:19)
[2025-03-06T19:23:57.208Z] [31MERROR[39M: uncaughtException: Cannot find module '../models/notification.model'
Require stack:
- /app/modules/bookings/booking.service.js
- /app/modules/bookings/booking.controller.js
- /app/modules/bookings/booking.routes.js
- /app/app.js
- /app/server.js
Error: Cannot find module '../models/notification.model'
Require stack:
- /app/modules/bookings/booking.service.js
- /app/modules/bookings/booking.controller.js
- /app/modules/bookings/booking.routes.js
- /app/app.js
- /app/server.js
    at Module._resolveFilename (node:internal/modules/cjs/loader:1140:15)
    at Module._load (node:internal/modules/cjs/loader:981:27)
    at Module.require (node:internal/modules/cjs/loader:1231:19)
    at require (node:internal/modules/helpers:177:18)
    at Object.<anonymous> (/app/modules/bookings/booking.service.js:2:22)
    at Module._compile (node:internal/modules/cjs/loader:1364:14)
    at Module._extensions..js (node:internal/modules/cjs/loader:1422:10)
    at Module.load (node:internal/modules/cjs/loader:1203:32)
    at Module._load (node:internal/modules/cjs/loader:1019:12)
    at Module.require (node:internal/modules/cjs/loader:1231:19)
[2025-03-06T19:24:05.871Z] [31MERROR[39M: uncaughtException: Cannot find module '../models/notification.model'
Require stack:
- /app/modules/bookings/booking.service.js
- /app/modules/bookings/booking.controller.js
- /app/modules/bookings/booking.routes.js
- /app/app.js
- /app/server.js
Error: Cannot find module '../models/notification.model'
Require stack:
- /app/modules/bookings/booking.service.js
- /app/modules/bookings/booking.controller.js
- /app/modules/bookings/booking.routes.js
- /app/app.js
- /app/server.js
    at Module._resolveFilename (node:internal/modules/cjs/loader:1140:15)
    at Module._load (node:internal/modules/cjs/loader:981:27)
    at Module.require (node:internal/modules/cjs/loader:1231:19)
    at require (node:internal/modules/helpers:177:18)
    at Object.<anonymous> (/app/modules/bookings/booking.service.js:2:22)
    at Module._compile (node:internal/modules/cjs/loader:1364:14)
    at Module._extensions..js (node:internal/modules/cjs/loader:1422:10)
    at Module.load (node:internal/modules/cjs/loader:1203:32)
    at Module._load (node:internal/modules/cjs/loader:1019:12)
    at Module.require (node:internal/modules/cjs/loader:1231:19)
[2025-03-06T19:24:15.246Z] [31MERROR[39M: uncaughtException: Cannot find module '../models/notification.model'
Require stack:
- /app/modules/bookings/booking.service.js
- /app/modules/bookings/booking.controller.js
- /app/modules/bookings/booking.routes.js
- /app/app.js
- /app/server.js
Error: Cannot find module '../models/notification.model'
Require stack:
- /app/modules/bookings/booking.service.js
- /app/modules/bookings/booking.controller.js
- /app/modules/bookings/booking.routes.js
- /app/app.js
- /app/server.js
    at Module._resolveFilename (node:internal/modules/cjs/loader:1140:15)
    at Module._load (node:internal/modules/cjs/loader:981:27)
    at Module.require (node:internal/modules/cjs/loader:1231:19)
    at require (node:internal/modules/helpers:177:18)
    at Object.<anonymous> (/app/modules/bookings/booking.service.js:2:22)
    at Module._compile (node:internal/modules/cjs/loader:1364:14)
    at Module._extensions..js (node:internal/modules/cjs/loader:1422:10)
    at Module.load (node:internal/modules/cjs/loader:1203:32)
    at Module._load (node:internal/modules/cjs/loader:1019:12)
    at Module.require (node:internal/modules/cjs/loader:1231:19)
[2025-03-06T19:24:26.675Z] [31MERROR[39M: uncaughtException: Cannot find module '../models/notification.model'
Require stack:
- /app/modules/bookings/booking.service.js
- /app/modules/bookings/booking.controller.js
- /app/modules/bookings/booking.routes.js
- /app/app.js
- /app/server.js
Error: Cannot find module '../models/notification.model'
Require stack:
- /app/modules/bookings/booking.service.js
- /app/modules/bookings/booking.controller.js
- /app/modules/bookings/booking.routes.js
- /app/app.js
- /app/server.js
    at Module._resolveFilename (node:internal/modules/cjs/loader:1140:15)
    at Module._load (node:internal/modules/cjs/loader:981:27)
    at Module.require (node:internal/modules/cjs/loader:1231:19)
    at require (node:internal/modules/helpers:177:18)
    at Object.<anonymous> (/app/modules/bookings/booking.service.js:2:22)
    at Module._compile (node:internal/modules/cjs/loader:1364:14)
    at Module._extensions..js (node:internal/modules/cjs/loader:1422:10)
    at Module.load (node:internal/modules/cjs/loader:1203:32)
    at Module._load (node:internal/modules/cjs/loader:1019:12)
    at Module.require (node:internal/modules/cjs/loader:1231:19)
[2025-03-06T19:24:29.890Z] [31MERROR[39M: uncaughtException: Cannot find module '../models/notification.model'
Require stack:
- /app/modules/bookings/booking.service.js
- /app/modules/bookings/booking.controller.js
- /app/modules/bookings/booking.routes.js
- /app/app.js
- /app/server.js
Error: Cannot find module '../models/notification.model'
Require stack:
- /app/modules/bookings/booking.service.js
- /app/modules/bookings/booking.controller.js
- /app/modules/bookings/booking.routes.js
- /app/app.js
- /app/server.js
    at Module._resolveFilename (node:internal/modules/cjs/loader:1140:15)
    at Module._load (node:internal/modules/cjs/loader:981:27)
    at Module.require (node:internal/modules/cjs/loader:1231:19)
    at require (node:internal/modules/helpers:177:18)
    at Object.<anonymous> (/app/modules/bookings/booking.service.js:2:22)
    at Module._compile (node:internal/modules/cjs/loader:1364:14)
    at Module._extensions..js (node:internal/modules/cjs/loader:1422:10)
    at Module.load (node:internal/modules/cjs/loader:1203:32)
    at Module._load (node:internal/modules/cjs/loader:1019:12)
    at Module.require (node:internal/modules/cjs/loader:1231:19)
[2025-03-06T19:24:35.809Z] [31MERROR[39M: uncaughtException: Route.post() requires a callback function but got a [object Undefined]
Error: Route.post() requires a callback function but got a [object Undefined]
    at Route.<computed> [as post] (/app/node_modules/express/lib/router/route.js:216:15)
    at proto.<computed> [as post] (/app/node_modules/express/lib/router/index.js:521:19)
    at Object.<anonymous> (/app/modules/bookings/booking.routes.js:16:8)
    at Module._compile (node:internal/modules/cjs/loader:1364:14)
    at Module._extensions..js (node:internal/modules/cjs/loader:1422:10)
    at Module.load (node:internal/modules/cjs/loader:1203:32)
    at Module._load (node:internal/modules/cjs/loader:1019:12)
    at Module.require (node:internal/modules/cjs/loader:1231:19)
    at require (node:internal/modules/helpers:177:18)
    at Object.<anonymous> (/app/app.js:14:23)
[2025-03-06T19:24:39.497Z] [31MERROR[39M: uncaughtException: Route.post() requires a callback function but got a [object Undefined]
Error: Route.post() requires a callback function but got a [object Undefined]
    at Route.<computed> [as post] (/app/node_modules/express/lib/router/route.js:216:15)
    at proto.<computed> [as post] (/app/node_modules/express/lib/router/index.js:521:19)
    at Object.<anonymous> (/app/modules/bookings/booking.routes.js:16:8)
    at Module._compile (node:internal/modules/cjs/loader:1364:14)
    at Module._extensions..js (node:internal/modules/cjs/loader:1422:10)
    at Module.load (node:internal/modules/cjs/loader:1203:32)
    at Module._load (node:internal/modules/cjs/loader:1019:12)
    at Module.require (node:internal/modules/cjs/loader:1231:19)
    at require (node:internal/modules/helpers:177:18)
    at Object.<anonymous> (/app/app.js:14:23)
[2025-03-06T19:24:52.920Z] [31MERROR[39M: uncaughtException: Route.post() requires a callback function but got a [object Undefined]
Error: Route.post() requires a callback function but got a [object Undefined]
    at Route.<computed> [as post] (/app/node_modules/express/lib/router/route.js:216:15)
    at proto.<computed> [as post] (/app/node_modules/express/lib/router/index.js:521:19)
    at Object.<anonymous> (/app/modules/bookings/booking.routes.js:16:8)
    at Module._compile (node:internal/modules/cjs/loader:1364:14)
    at Module._extensions..js (node:internal/modules/cjs/loader:1422:10)
    at Module.load (node:internal/modules/cjs/loader:1203:32)
    at Module._load (node:internal/modules/cjs/loader:1019:12)
    at Module.require (node:internal/modules/cjs/loader:1231:19)
    at require (node:internal/modules/helpers:177:18)
    at Object.<anonymous> (/app/app.js:14:23)
[2025-03-06T19:25:34.533Z] [31MERROR[39M: uncaughtException: Route.post() requires a callback function but got a [object Undefined]
Error: Route.post() requires a callback function but got a [object Undefined]
    at Route.<computed> [as post] (/app/node_modules/express/lib/router/route.js:216:15)
    at proto.<computed> [as post] (/app/node_modules/express/lib/router/index.js:521:19)
    at Object.<anonymous> (/app/modules/bookings/booking.routes.js:16:8)
    at Module._compile (node:internal/modules/cjs/loader:1364:14)
    at Module._extensions..js (node:internal/modules/cjs/loader:1422:10)
    at Module.load (node:internal/modules/cjs/loader:1203:32)
    at Module._load (node:internal/modules/cjs/loader:1019:12)
    at Module.require (node:internal/modules/cjs/loader:1231:19)
    at require (node:internal/modules/helpers:177:18)
    at Object.<anonymous> (/app/app.js:14:23)
[2025-03-06T19:27:56.156Z] [31MERROR[39M: uncaughtException: Route.post() requires a callback function but got a [object Undefined]
Error: Route.post() requires a callback function but got a [object Undefined]
    at Route.<computed> [as post] (/app/node_modules/express/lib/router/route.js:216:15)
    at proto.<computed> [as post] (/app/node_modules/express/lib/router/index.js:521:19)
    at Object.<anonymous> (/app/modules/bookings/booking.routes.js:22:8)
    at Module._compile (node:internal/modules/cjs/loader:1364:14)
    at Module._extensions..js (node:internal/modules/cjs/loader:1422:10)
    at Module.load (node:internal/modules/cjs/loader:1203:32)
    at Module._load (node:internal/modules/cjs/loader:1019:12)
    at Module.require (node:internal/modules/cjs/loader:1231:19)
    at require (node:internal/modules/helpers:177:18)
    at Object.<anonymous> (/app/app.js:14:23)
[2025-03-06T19:31:46.987Z] [31MERROR[39M: uncaughtException: Cannot find module 'express-async-handler'
Require stack:
- /app/modules/drivers/driver.controller.js
- /app/modules/drivers/driver.routes.js
- /app/app.js
- /app/server.js
Error: Cannot find module 'express-async-handler'
Require stack:
- /app/modules/drivers/driver.controller.js
- /app/modules/drivers/driver.routes.js
- /app/app.js
- /app/server.js
    at Module._resolveFilename (node:internal/modules/cjs/loader:1140:15)
    at Module._load (node:internal/modules/cjs/loader:981:27)
    at Module.require (node:internal/modules/cjs/loader:1231:19)
    at require (node:internal/modules/helpers:177:18)
    at Object.<anonymous> (/app/modules/drivers/driver.controller.js:1:22)
    at Module._compile (node:internal/modules/cjs/loader:1364:14)
    at Module._extensions..js (node:internal/modules/cjs/loader:1422:10)
    at Module.load (node:internal/modules/cjs/loader:1203:32)
    at Module._load (node:internal/modules/cjs/loader:1019:12)
    at Module.require (node:internal/modules/cjs/loader:1231:19)
[2025-03-06T19:31:52.655Z] [31MERROR[39M: uncaughtException: Cannot find module 'express-async-handler'
Require stack:
- /app/modules/drivers/driver.controller.js
- /app/modules/drivers/driver.routes.js
- /app/app.js
- /app/server.js
Error: Cannot find module 'express-async-handler'
Require stack:
- /app/modules/drivers/driver.controller.js
- /app/modules/drivers/driver.routes.js
- /app/app.js
- /app/server.js
    at Module._resolveFilename (node:internal/modules/cjs/loader:1140:15)
    at Module._load (node:internal/modules/cjs/loader:981:27)
    at Module.require (node:internal/modules/cjs/loader:1231:19)
    at require (node:internal/modules/helpers:177:18)
    at Object.<anonymous> (/app/modules/drivers/driver.controller.js:1:22)
    at Module._compile (node:internal/modules/cjs/loader:1364:14)
    at Module._extensions..js (node:internal/modules/cjs/loader:1422:10)
    at Module.load (node:internal/modules/cjs/loader:1203:32)
    at Module._load (node:internal/modules/cjs/loader:1019:12)
    at Module.require (node:internal/modules/cjs/loader:1231:19)
[2025-03-06T19:52:36.143Z] [31MERROR[39M: uncaughtException: Route.put() requires a callback function but got a [object Undefined]
Error: Route.put() requires a callback function but got a [object Undefined]
    at Route.<computed> [as put] (/app/node_modules/express/lib/router/route.js:216:15)
    at proto.<computed> [as put] (/app/node_modules/express/lib/router/index.js:521:19)
    at Object.<anonymous> (/app/modules/bookings/booking.routes.js:23:8)
    at Module._compile (node:internal/modules/cjs/loader:1364:14)
    at Module._extensions..js (node:internal/modules/cjs/loader:1422:10)
    at Module.load (node:internal/modules/cjs/loader:1203:32)
    at Module._load (node:internal/modules/cjs/loader:1019:12)
    at Module.require (node:internal/modules/cjs/loader:1231:19)
    at require (node:internal/modules/helpers:177:18)
    at Object.<anonymous> (/app/app.js:14:23)
[2025-03-06T19:52:36.663Z] [31MERROR[39M: uncaughtException: Route.put() requires a callback function but got a [object Undefined]
Error: Route.put() requires a callback function but got a [object Undefined]
    at Route.<computed> [as put] (/app/node_modules/express/lib/router/route.js:216:15)
    at proto.<computed> [as put] (/app/node_modules/express/lib/router/index.js:521:19)
    at Object.<anonymous> (/app/modules/bookings/booking.routes.js:23:8)
    at Module._compile (node:internal/modules/cjs/loader:1364:14)
    at Module._extensions..js (node:internal/modules/cjs/loader:1422:10)
    at Module.load (node:internal/modules/cjs/loader:1203:32)
    at Module._load (node:internal/modules/cjs/loader:1019:12)
    at Module.require (node:internal/modules/cjs/loader:1231:19)
    at require (node:internal/modules/helpers:177:18)
    at Object.<anonymous> (/app/app.js:14:23)
[2025-03-06T20:24:24.383Z] [31MERROR[39M: uncaughtException: Route.put() requires a callback function but got a [object Undefined]
Error: Route.put() requires a callback function but got a [object Undefined]
    at Route.<computed> [as put] (/app/node_modules/express/lib/router/route.js:216:15)
    at proto.<computed> [as put] (/app/node_modules/express/lib/router/index.js:521:19)
    at Object.<anonymous> (/app/modules/drivers/driver.routes.js:15:8)
    at Module._compile (node:internal/modules/cjs/loader:1364:14)
    at Module._extensions..js (node:internal/modules/cjs/loader:1422:10)
    at Module.load (node:internal/modules/cjs/loader:1203:32)
    at Module._load (node:internal/modules/cjs/loader:1019:12)
    at Module.require (node:internal/modules/cjs/loader:1231:19)
    at require (node:internal/modules/helpers:177:18)
    at Object.<anonymous> (/app/app.js:13:22)
[2025-03-06T20:24:38.418Z] [31MERROR[39M: uncaughtException: Route.put() requires a callback function but got a [object Undefined]
Error: Route.put() requires a callback function but got a [object Undefined]
    at Route.<computed> [as put] (/app/node_modules/express/lib/router/route.js:216:15)
    at proto.<computed> [as put] (/app/node_modules/express/lib/router/index.js:521:19)
    at Object.<anonymous> (/app/modules/drivers/driver.routes.js:21:8)
    at Module._compile (node:internal/modules/cjs/loader:1364:14)
    at Module._extensions..js (node:internal/modules/cjs/loader:1422:10)
    at Module.load (node:internal/modules/cjs/loader:1203:32)
    at Module._load (node:internal/modules/cjs/loader:1019:12)
    at Module.require (node:internal/modules/cjs/loader:1231:19)
    at require (node:internal/modules/helpers:177:18)
    at Object.<anonymous> (/app/app.js:13:22)
[2025-03-06T20:30:33.218Z] [31MERROR[39M: uncaughtException: Route.put() requires a callback function but got a [object Undefined]
Error: Route.put() requires a callback function but got a [object Undefined]
    at Route.<computed> [as put] (/app/node_modules/express/lib/router/route.js:216:15)
    at proto.<computed> [as put] (/app/node_modules/express/lib/router/index.js:521:19)
    at Object.<anonymous> (/app/modules/drivers/driver.routes.js:15:8)
    at Module._compile (node:internal/modules/cjs/loader:1364:14)
    at Module._extensions..js (node:internal/modules/cjs/loader:1422:10)
    at Module.load (node:internal/modules/cjs/loader:1203:32)
    at Module._load (node:internal/modules/cjs/loader:1019:12)
    at Module.require (node:internal/modules/cjs/loader:1231:19)
    at require (node:internal/modules/helpers:177:18)
    at Object.<anonymous> (/app/app.js:13:22)
[2025-03-06T20:30:53.717Z] [31MERROR[39M: uncaughtException: Route.put() requires a callback function but got a [object Undefined]
Error: Route.put() requires a callback function but got a [object Undefined]
    at Route.<computed> [as put] (/app/node_modules/express/lib/router/route.js:216:15)
    at proto.<computed> [as put] (/app/node_modules/express/lib/router/index.js:521:19)
    at Object.<anonymous> (/app/modules/drivers/driver.routes.js:15:8)
    at Module._compile (node:internal/modules/cjs/loader:1364:14)
    at Module._extensions..js (node:internal/modules/cjs/loader:1422:10)
    at Module.load (node:internal/modules/cjs/loader:1203:32)
    at Module._load (node:internal/modules/cjs/loader:1019:12)
    at Module.require (node:internal/modules/cjs/loader:1231:19)
    at require (node:internal/modules/helpers:177:18)
    at Object.<anonymous> (/app/app.js:13:22)
[2025-03-06T20:31:04.768Z] [31MERROR[39M: uncaughtException: Route.put() requires a callback function but got a [object Undefined]
Error: Route.put() requires a callback function but got a [object Undefined]
    at Route.<computed> [as put] (/app/node_modules/express/lib/router/route.js:216:15)
    at proto.<computed> [as put] (/app/node_modules/express/lib/router/index.js:521:19)
    at Object.<anonymous> (/app/modules/drivers/driver.routes.js:15:8)
    at Module._compile (node:internal/modules/cjs/loader:1364:14)
    at Module._extensions..js (node:internal/modules/cjs/loader:1422:10)
    at Module.load (node:internal/modules/cjs/loader:1203:32)
    at Module._load (node:internal/modules/cjs/loader:1019:12)
    at Module.require (node:internal/modules/cjs/loader:1231:19)
    at require (node:internal/modules/helpers:177:18)
    at Object.<anonymous> (/app/app.js:13:22)
[2025-03-06T20:32:26.675Z] [31MERROR[39M: uncaughtException: Driver validation failed: personalInfo.dateOfBirth: Cast to date failed for value "2007/27/2" (type string) at path "personalInfo.dateOfBirth"
ValidationError: Driver validation failed: personalInfo.dateOfBirth: Cast to date failed for value "2007/27/2" (type string) at path "personalInfo.dateOfBirth"
    at Document.invalidate (/app/node_modules/mongoose/lib/document.js:3334:32)
    at model.$set (/app/node_modules/mongoose/lib/document.js:1485:12)
    at model.$set (/app/node_modules/mongoose/lib/document.js:1232:14)
    at model.set [as personalInfo] (/app/node_modules/mongoose/lib/helpers/document/compile.js:189:13)
    at /app/modules/drivers/driver.service.js:35:29
    at process.processTicksAndRejections (node:internal/process/task_queues:95:5)
[2025-03-06T20:35:13.244Z] [31MERROR[39M: uncaughtException: Cannot find module '../../utils/AppError'
Require stack:
- /app/modules/drivers/driver.controller.js
- /app/modules/drivers/driver.routes.js
- /app/app.js
- /app/server.js
Error: Cannot find module '../../utils/AppError'
Require stack:
- /app/modules/drivers/driver.controller.js
- /app/modules/drivers/driver.routes.js
- /app/app.js
- /app/server.js
    at Module._resolveFilename (node:internal/modules/cjs/loader:1140:15)
    at Module._load (node:internal/modules/cjs/loader:981:27)
    at Module.require (node:internal/modules/cjs/loader:1231:19)
    at require (node:internal/modules/helpers:177:18)
    at Object.<anonymous> (/app/modules/drivers/driver.controller.js:3:18)
    at Module._compile (node:internal/modules/cjs/loader:1364:14)
    at Module._extensions..js (node:internal/modules/cjs/loader:1422:10)
    at Module.load (node:internal/modules/cjs/loader:1203:32)
    at Module._load (node:internal/modules/cjs/loader:1019:12)
    at Module.require (node:internal/modules/cjs/loader:1231:19)
[2025-03-06T20:36:11.823Z] [31MERROR[39M: uncaughtException: Cannot find module '../../utils/ApiError'
Require stack:
- /app/modules/auth/auth.service.js
- /app/modules/auth/auth.controller.js
- /app/modules/auth/auth.routes.js
- /app/app.js
- /app/server.js
Error: Cannot find module '../../utils/ApiError'
Require stack:
- /app/modules/auth/auth.service.js
- /app/modules/auth/auth.controller.js
- /app/modules/auth/auth.routes.js
- /app/app.js
- /app/server.js
    at Module._resolveFilename (node:internal/modules/cjs/loader:1140:15)
    at Module._load (node:internal/modules/cjs/loader:981:27)
    at Module.require (node:internal/modules/cjs/loader:1231:19)
    at require (node:internal/modules/helpers:177:18)
    at Object.<anonymous> (/app/modules/auth/auth.service.js:3:18)
    at Module._compile (node:internal/modules/cjs/loader:1364:14)
    at Module._extensions..js (node:internal/modules/cjs/loader:1422:10)
    at Module.load (node:internal/modules/cjs/loader:1203:32)
    at Module._load (node:internal/modules/cjs/loader:1019:12)
    at Module.require (node:internal/modules/cjs/loader:1231:19)
[2025-03-06T20:36:14.068Z] [31MERROR[39M: uncaughtException: Cannot find module '../../utils/ApiError'
Require stack:
- /app/modules/auth/auth.service.js
- /app/modules/auth/auth.controller.js
- /app/modules/auth/auth.routes.js
- /app/app.js
- /app/server.js
Error: Cannot find module '../../utils/ApiError'
Require stack:
- /app/modules/auth/auth.service.js
- /app/modules/auth/auth.controller.js
- /app/modules/auth/auth.routes.js
- /app/app.js
- /app/server.js
    at Module._resolveFilename (node:internal/modules/cjs/loader:1140:15)
    at Module._load (node:internal/modules/cjs/loader:981:27)
    at Module.require (node:internal/modules/cjs/loader:1231:19)
    at require (node:internal/modules/helpers:177:18)
    at Object.<anonymous> (/app/modules/auth/auth.service.js:3:18)
    at Module._compile (node:internal/modules/cjs/loader:1364:14)
    at Module._extensions..js (node:internal/modules/cjs/loader:1422:10)
    at Module.load (node:internal/modules/cjs/loader:1203:32)
    at Module._load (node:internal/modules/cjs/loader:1019:12)
    at Module.require (node:internal/modules/cjs/loader:1231:19)
[2025-03-06T20:36:21.054Z] [31MERROR[39M: uncaughtException: Cannot find module '../../utils/ApiError'
Require stack:
- /app/modules/auth/auth.service.js
- /app/modules/auth/auth.controller.js
- /app/modules/auth/auth.routes.js
- /app/app.js
- /app/server.js
Error: Cannot find module '../../utils/ApiError'
Require stack:
- /app/modules/auth/auth.service.js
- /app/modules/auth/auth.controller.js
- /app/modules/auth/auth.routes.js
- /app/app.js
- /app/server.js
    at Module._resolveFilename (node:internal/modules/cjs/loader:1140:15)
    at Module._load (node:internal/modules/cjs/loader:981:27)
    at Module.require (node:internal/modules/cjs/loader:1231:19)
    at require (node:internal/modules/helpers:177:18)
    at Object.<anonymous> (/app/modules/auth/auth.service.js:3:18)
    at Module._compile (node:internal/modules/cjs/loader:1364:14)
    at Module._extensions..js (node:internal/modules/cjs/loader:1422:10)
    at Module.load (node:internal/modules/cjs/loader:1203:32)
    at Module._load (node:internal/modules/cjs/loader:1019:12)
    at Module.require (node:internal/modules/cjs/loader:1231:19)
[2025-03-06T20:36:25.196Z] [31MERROR[39M: uncaughtException: Cannot find module '../../utils/ApiError'
Require stack:
- /app/modules/auth/auth.service.js
- /app/modules/auth/auth.controller.js
- /app/modules/auth/auth.routes.js
- /app/app.js
- /app/server.js
Error: Cannot find module '../../utils/ApiError'
Require stack:
- /app/modules/auth/auth.service.js
- /app/modules/auth/auth.controller.js
- /app/modules/auth/auth.routes.js
- /app/app.js
- /app/server.js
    at Module._resolveFilename (node:internal/modules/cjs/loader:1140:15)
    at Module._load (node:internal/modules/cjs/loader:981:27)
    at Module.require (node:internal/modules/cjs/loader:1231:19)
    at require (node:internal/modules/helpers:177:18)
    at Object.<anonymous> (/app/modules/auth/auth.service.js:3:18)
    at Module._compile (node:internal/modules/cjs/loader:1364:14)
    at Module._extensions..js (node:internal/modules/cjs/loader:1422:10)
    at Module.load (node:internal/modules/cjs/loader:1203:32)
    at Module._load (node:internal/modules/cjs/loader:1019:12)
    at Module.require (node:internal/modules/cjs/loader:1231:19)
[2025-03-06T20:36:50.560Z] [31MERROR[39M: uncaughtException: Cannot find module '../utils/ApiError'
Require stack:
- /app/middlewares/globalError.js
- /app/app.js
- /app/server.js
Error: Cannot find module '../utils/ApiError'
Require stack:
- /app/middlewares/globalError.js
- /app/app.js
- /app/server.js
    at Module._resolveFilename (node:internal/modules/cjs/loader:1140:15)
    at Module._load (node:internal/modules/cjs/loader:981:27)
    at Module.require (node:internal/modules/cjs/loader:1231:19)
    at require (node:internal/modules/helpers:177:18)
    at Object.<anonymous> (/app/middlewares/globalError.js:1:18)
    at Module._compile (node:internal/modules/cjs/loader:1364:14)
    at Module._extensions..js (node:internal/modules/cjs/loader:1422:10)
    at Module.load (node:internal/modules/cjs/loader:1203:32)
    at Module._load (node:internal/modules/cjs/loader:1019:12)
    at Module.require (node:internal/modules/cjs/loader:1231:19)
[2025-03-06T20:39:43.477Z] [31MERROR[39M: uncaughtException: Driver validation failed: personalInfo.dateOfBirth: Cast to date failed for value "2007/27/2" (type string) at path "personalInfo.dateOfBirth"
ValidationError: Driver validation failed: personalInfo.dateOfBirth: Cast to date failed for value "2007/27/2" (type string) at path "personalInfo.dateOfBirth"
    at Document.invalidate (/app/node_modules/mongoose/lib/document.js:3334:32)
    at model.$set (/app/node_modules/mongoose/lib/document.js:1485:12)
    at model.$set (/app/node_modules/mongoose/lib/document.js:1232:14)
    at model.set [as personalInfo] (/app/node_modules/mongoose/lib/helpers/document/compile.js:189:13)
    at /app/modules/drivers/driver.service.js:35:29
    at process.processTicksAndRejections (node:internal/process/task_queues:95:5)
[2025-03-07T23:59:03.920Z] [31MERROR[39M: uncaughtException: Route.post() requires a callback function but got a [object Undefined]
Error: Route.post() requires a callback function but got a [object Undefined]
    at Route.<computed> [as post] (/app/node_modules/express/lib/router/route.js:216:15)
    at proto.<computed> [as post] (/app/node_modules/express/lib/router/index.js:521:19)
    at Object.<anonymous> (/app/modules/bookings/booking.routes.js:18:8)
    at Module._compile (node:internal/modules/cjs/loader:1364:14)
    at Module._extensions..js (node:internal/modules/cjs/loader:1422:10)
    at Module.load (node:internal/modules/cjs/loader:1203:32)
    at Module._load (node:internal/modules/cjs/loader:1019:12)
    at Module.require (node:internal/modules/cjs/loader:1231:19)
    at require (node:internal/modules/helpers:177:18)
    at Object.<anonymous> (/app/app.js:14:23)
[2025-03-08T00:00:35.717Z] [31MERROR[39M: uncaughtException: Unexpected token '.'
/app/modules/bookings/booking.controller.js:19
    req.user.userId,
       ^

SyntaxError: Unexpected token '.'
    at internalCompileFunction (node:internal/vm:76:18)
    at wrapSafe (node:internal/modules/cjs/loader:1283:20)
    at Module._compile (node:internal/modules/cjs/loader:1328:27)
    at Module._extensions..js (node:internal/modules/cjs/loader:1422:10)
    at Module.load (node:internal/modules/cjs/loader:1203:32)
    at Module._load (node:internal/modules/cjs/loader:1019:12)
    at Module.require (node:internal/modules/cjs/loader:1231:19)
    at require (node:internal/modules/helpers:177:18)
    at Object.<anonymous> (/app/modules/bookings/booking.routes.js:11:5)
    at Module._compile (node:internal/modules/cjs/loader:1364:14)
[2025-03-08T00:00:57.661Z] [31MERROR[39M: uncaughtException: Unexpected token '.'
/app/modules/bookings/booking.controller.js:19
    req.user.userId,
       ^

SyntaxError: Unexpected token '.'
    at internalCompileFunction (node:internal/vm:76:18)
    at wrapSafe (node:internal/modules/cjs/loader:1283:20)
    at Module._compile (node:internal/modules/cjs/loader:1328:27)
    at Module._extensions..js (node:internal/modules/cjs/loader:1422:10)
    at Module.load (node:internal/modules/cjs/loader:1203:32)
    at Module._load (node:internal/modules/cjs/loader:1019:12)
    at Module.require (node:internal/modules/cjs/loader:1231:19)
    at require (node:internal/modules/helpers:177:18)
    at Object.<anonymous> (/app/modules/bookings/booking.routes.js:11:5)
    at Module._compile (node:internal/modules/cjs/loader:1364:14)
